[INFO] 17-11-2023 05:36:12:153 ===> "Server is running on port 4000"  ---  (Catalog\index.js:90) 
[INFO] 17-11-2023 06:42:21:214 ===> "Server is running on port 4000"  ---  (Catalog\index.js:90) 
[INFO] 17-11-2023 06:49:43:938 ===> "Server is running on port 4000"  ---  (Catalog\index.js:91) 
[INFO] 17-11-2023 06:58:35:357 ===> "Server is running on port 4000"  ---  (Catalog\index.js:91) 
[INFO] 17-11-2023 07:03:57:672 ===> "Server is running on port 4000"  ---  (Catalog\index.js:91) 
[INFO] 17-11-2023 07:04:04:001 ===> "Searching for books with subject: undefined"  ---  (Catalog\index.js:26) 
[INFO] 17-11-2023 07:06:11:200 ===> "Searching for books with subject: undefined"  ---  (Catalog\index.js:26) 
[INFO] 17-11-2023 07:08:51:134 ===> "Searching for books with subject: undefined"  ---  (Catalog\index.js:26) 
[INFO] 17-11-2023 07:10:03:366 ===> "Searching for books with subject: undefined"  ---  (Catalog\index.js:26) 
[INFO] 17-11-2023 07:12:19:006 ===> "Searching for books with subject: undefined"  ---  (Catalog\index.js:26) 
[INFO] 17-11-2023 07:14:41:088 ===> "Searching for books with subject: undefined"  ---  (Catalog\index.js:26) 
[INFO] 17-11-2023 07:14:41:581 ===> "Searching for books with subject: undefined"  ---  (Catalog\index.js:26) 
[INFO] 17-11-2023 07:15:26:823 ===> "Searching for books with subject: undefined"  ---  (Catalog\index.js:26) 
[INFO] 17-11-2023 07:17:31:231 ===> "Searching for books with subject: undefined"  ---  (Catalog\index.js:26) 
[INFO] 17-11-2023 07:19:04:356 ===> "Searching for books with subject: undefined"  ---  (Catalog\index.js:26) 
[INFO] 17-11-2023 07:19:55:105 ===> "Server is running on port 4000"  ---  (Catalog\index.js:91) 
[INFO] 17-11-2023 07:20:01:277 ===> "Searching for books with subject: distributed systems"  ---  (Catalog\index.js:26) 
[INFO] 17-11-2023 07:20:01:300 ===> "The result is: [{\"number\":2,\"title\":\"RPCs for Noobs\",\"topic\":\"distributed systems\",\"cost\":25,\"stock\":200}]"  ---  (Catalog\index.js:31) 
[INFO] 17-11-2023 08:06:50:217 ===> "Searching for books with subject: distributed systems"  ---  (Catalog\index.js:26) 
[INFO] 17-11-2023 08:06:50:220 ===> "The result is: [{\"number\":1,\"title\":\"How to get a good grade in DOS in 40 minutes a day\",\"topic\":\"distributed systems\",\"cost\":30,\"stock\":90},{\"number\":2,\"title\":\"RPCs for Noobs\",\"topic\":\"distributed systems\",\"cost\":25,\"stock\":200}]"  ---  (Catalog\index.js:31) 
[INFO] 27-11-2023 08:15:03:645 ===> "Server is running on port 4000"  ---  (Catalog\index.js:91) 
[INFO] 27-11-2023 08:15:05:215 ===> "Searching for books with subject: undergraduate school"  ---  (Catalog\index.js:26) 
[INFO] 27-11-2023 08:15:05:239 ===> "The result is: [{\"number\":3,\"title\":\"Xen and the Art of Surviving Undergraduate School\",\"topic\":\"undergraduate school\",\"cost\":30,\"stock\":75},{\"number\":4,\"title\":\"Cooking for the Impatient Undergrad\",\"topic\":\"undergraduate school\",\"cost\":15,\"stock\":120}]"  ---  (Catalog\index.js:31) 
[INFO] 27-11-2023 08:17:50:889 ===> "Server is running on port 4000"  ---  (Catalog\index.js:91) 
[INFO] 27-11-2023 08:19:46:674 ===> "Server is running on port 4000"  ---  (Catalog\index.js:91) 
[INFO] 27-11-2023 08:19:56:925 ===> "Searching for the book with item number: 1"  ---  (Catalog\index.js:41) 
[INFO] 27-11-2023 08:19:56:938 ===> "The result is: [{\"number\":1,\"title\":\"How to get a good grade in DOS in 40 minutes a day\",\"topic\":\"distributed systems\",\"cost\":30,\"stock\":90}]"  ---  (Catalog\index.js:46) 
[INFO] 27-11-2023 08:20:20:492 ===> "Searching for the book with item number: 2"  ---  (Catalog\index.js:41) 
[INFO] 27-11-2023 08:20:20:495 ===> "The result is: [{\"number\":2,\"title\":\"RPCs for Noobs\",\"topic\":\"distributed systems\",\"cost\":25,\"stock\":200}]"  ---  (Catalog\index.js:46) 
[INFO] 27-11-2023 08:20:25:385 ===> "Searching for the book with item number: 3"  ---  (Catalog\index.js:41) 
[INFO] 27-11-2023 08:20:25:387 ===> "The result is: [{\"number\":3,\"title\":\"Xen and the Art of Surviving Undergraduate School\",\"topic\":\"undergraduate school\",\"cost\":30,\"stock\":75}]"  ---  (Catalog\index.js:46) 
[INFO] 27-11-2023 08:28:22:004 ===> "Server is running on port 4000"  ---  (Catalog\index.js:91) 
[INFO] 27-11-2023 08:30:46:169 ===> "Searching for books with subject: undefined"  ---  (Catalog\index.js:26) 
[INFO] 27-11-2023 08:31:16:156 ===> "Searching for the book with item number: 3"  ---  (Catalog\index.js:41) 
[INFO] 27-11-2023 08:31:16:163 ===> "The result is: [{\"number\":3,\"title\":\"Xen and the Art of Surviving Undergraduate School\",\"topic\":\"undergraduate school\",\"cost\":30,\"stock\":75}]"  ---  (Catalog\index.js:46) 
[INFO] 27-11-2023 08:32:22:591 ===> "Server is running on port 4000"  ---  (Catalog\index.js:91) 
[INFO] 27-11-2023 08:34:04:802 ===> "Server is running on port 4000"  ---  (Catalog\index.js:91) 
[INFO] 27-11-2023 08:34:33:521 ===> "Updating item 3 stock by increase amount to 25"  ---  (Catalog\index.js:58) 
[INFO] 27-11-2023 08:36:32:258 ===> "Server is running on port 4000"  ---  (Catalog\index.js:91) 
[INFO] 27-11-2023 08:36:34:548 ===> "Updating item 3 stock by increase amount to 25"  ---  (Catalog\index.js:58) 
[INFO] 27-11-2023 08:36:34:559 ===> "The new value is: 100"  ---  (Catalog\index.js:64) 
[INFO] 27-11-2023 08:36:34:575 ===> "Updated successfully"  ---  (Catalog\index.js:66) 
[INFO] 27-11-2023 08:36:36:391 ===> "Updating item 3 stock by increase amount to 25"  ---  (Catalog\index.js:58) 
[INFO] 27-11-2023 08:36:36:393 ===> "The new value is: 125"  ---  (Catalog\index.js:64) 
[INFO] 27-11-2023 08:36:36:400 ===> "Updated successfully"  ---  (Catalog\index.js:66) 
[INFO] 27-11-2023 08:38:44:150 ===> "Updating item 3 stock by decrease amount to 65"  ---  (Catalog\index.js:58) 
[INFO] 27-11-2023 08:38:44:153 ===> "The new value is: 60"  ---  (Catalog\index.js:64) 
[INFO] 27-11-2023 08:38:44:170 ===> "Updated successfully"  ---  (Catalog\index.js:66) 
[INFO] 27-11-2023 09:23:21:499 ===> "Server is running on port 4000"  ---  (Catalog\index.js:94) 
[INFO] 27-11-2023 09:25:33:662 ===> "Server is running on port 4000"  ---  (Catalog\index.js:94) 
[INFO] 27-11-2023 09:26:12:896 ===> "Server is running on port 4000"  ---  (Catalog\index.js:94) 
[INFO] 27-11-2023 09:26:15:332 ===> "Updating the book number 3 cost to 123"  ---  (Catalog\index.js:81) 
[INFO] 27-11-2023 09:26:15:342 ===> "Updated successfully"  ---  (Catalog\index.js:83) 
[INFO] 27-11-2023 11:49:14:441 ===> "Server is running on port 4000"  ---  (Catalog\index.js:94) 
[INFO] 27-11-2023 12:09:48:092 ===> "Server is running on port 4000"  ---  (Catalog\index.js:94) 
[INFO] 27-11-2023 12:11:04:129 ===> "Searching for the book with item number: 2"  ---  (Catalog\index.js:41) 
[INFO] 27-11-2023 12:11:04:152 ===> "The result is: [{\"number\":2,\"title\":\"RPCs for Noobs\",\"topic\":\"distributed systems\",\"cost\":25,\"stock\":200}]"  ---  (Catalog\index.js:46) 
[INFO] 27-11-2023 12:27:01:976 ===> "Searching for the book with item number: 2"  ---  (Catalog\index.js:41) 
[INFO] 27-11-2023 12:27:01:979 ===> "The result is: [{\"number\":2,\"title\":\"RPCs for Noobs\",\"topic\":\"distributed systems\",\"cost\":25,\"stock\":200}]"  ---  (Catalog\index.js:46) 
[INFO] 27-11-2023 12:27:09:200 ===> "Searching for the book with item number: 4"  ---  (Catalog\index.js:41) 
[INFO] 27-11-2023 12:27:09:206 ===> "The result is: [{\"number\":4,\"title\":\"Cooking for the Impatient Undergrad\",\"topic\":\"undergraduate school\",\"cost\":15,\"stock\":120}]"  ---  (Catalog\index.js:46) 
[INFO] 27-11-2023 12:33:39:136 ===> "Searching for the book with item number: 4"  ---  (Catalog\index.js:41) 
[INFO] 27-11-2023 12:33:39:138 ===> "The result is: [{\"number\":4,\"title\":\"Cooking for the Impatient Undergrad\",\"topic\":\"undergraduate school\",\"cost\":15,\"stock\":120}]"  ---  (Catalog\index.js:46) 
[INFO] 27-11-2023 12:33:39:182 ===> "Updating item 4 stock by undefined amount to 1"  ---  (Catalog\index.js:58) 
[INFO] 27-11-2023 12:33:39:185 ===> "The new value is: 119"  ---  (Catalog\index.js:64) 
[INFO] 27-11-2023 12:33:39:192 ===> "Updated successfully"  ---  (Catalog\index.js:66) 
[INFO] 27-11-2023 12:33:39:202 ===> "Updating item 4 stock by undefined amount to 1"  ---  (Catalog\index.js:58) 
[INFO] 27-11-2023 12:33:39:204 ===> "The new value is: 118"  ---  (Catalog\index.js:64) 
[INFO] 27-11-2023 12:33:39:209 ===> "Updated successfully"  ---  (Catalog\index.js:66) 
[INFO] 27-11-2023 12:35:51:794 ===> "Searching for the book with item number: 4"  ---  (Catalog\index.js:41) 
[INFO] 27-11-2023 12:35:51:796 ===> "The result is: [{\"number\":4,\"title\":\"Cooking for the Impatient Undergrad\",\"topic\":\"undergraduate school\",\"cost\":15,\"stock\":118}]"  ---  (Catalog\index.js:46) 
[INFO] 27-11-2023 12:36:24:290 ===> "Searching for the book with item number: 4"  ---  (Catalog\index.js:41) 
[INFO] 27-11-2023 12:36:24:292 ===> "The result is: [{\"number\":4,\"title\":\"Cooking for the Impatient Undergrad\",\"topic\":\"undergraduate school\",\"cost\":15,\"stock\":118}]"  ---  (Catalog\index.js:46) 
[INFO] 27-11-2023 12:36:24:305 ===> "Updating item 4 stock by undefined amount to 1"  ---  (Catalog\index.js:58) 
[INFO] 27-11-2023 12:36:24:307 ===> "The new value is: 117"  ---  (Catalog\index.js:64) 
[INFO] 27-11-2023 12:36:24:323 ===> "Updated successfully"  ---  (Catalog\index.js:66) 
[INFO] 27-11-2023 12:36:24:330 ===> "Updating item 4 stock by undefined amount to 1"  ---  (Catalog\index.js:58) 
[INFO] 27-11-2023 12:36:24:334 ===> "The new value is: 116"  ---  (Catalog\index.js:64) 
[INFO] 27-11-2023 12:36:24:341 ===> "Updated successfully"  ---  (Catalog\index.js:66) 
[INFO] 27-11-2023 12:36:28:359 ===> "Searching for the book with item number: 4"  ---  (Catalog\index.js:41) 
[INFO] 27-11-2023 12:36:28:363 ===> "The result is: [{\"number\":4,\"title\":\"Cooking for the Impatient Undergrad\",\"topic\":\"undergraduate school\",\"cost\":15,\"stock\":116}]"  ---  (Catalog\index.js:46) 
[INFO] 27-11-2023 12:37:36:804 ===> "Searching for the book with item number: 4"  ---  (Catalog\index.js:41) 
[INFO] 27-11-2023 12:37:36:806 ===> "The result is: [{\"number\":4,\"title\":\"Cooking for the Impatient Undergrad\",\"topic\":\"undergraduate school\",\"cost\":15,\"stock\":116}]"  ---  (Catalog\index.js:46) 
[INFO] 27-11-2023 12:37:39:935 ===> "Searching for the book with item number: 4"  ---  (Catalog\index.js:41) 
[INFO] 27-11-2023 12:37:39:937 ===> "The result is: [{\"number\":4,\"title\":\"Cooking for the Impatient Undergrad\",\"topic\":\"undergraduate school\",\"cost\":15,\"stock\":116}]"  ---  (Catalog\index.js:46) 
[INFO] 27-11-2023 12:37:39:954 ===> "Updating item 4 stock by undefined amount to 1"  ---  (Catalog\index.js:58) 
[INFO] 27-11-2023 12:37:39:955 ===> "The new value is: 115"  ---  (Catalog\index.js:64) 
[INFO] 27-11-2023 12:37:39:963 ===> "Updated successfully"  ---  (Catalog\index.js:66) 
[INFO] 27-11-2023 12:42:27:949 ===> "Searching for the book with item number: 4"  ---  (Catalog\index.js:41) 
[INFO] 27-11-2023 12:42:27:953 ===> "The result is: [{\"number\":4,\"title\":\"Cooking for the Impatient Undergrad\",\"topic\":\"undergraduate school\",\"cost\":15,\"stock\":115}]"  ---  (Catalog\index.js:46) 
[INFO] 27-11-2023 12:42:27:974 ===> "Updating item 4 stock by undefined amount to 1"  ---  (Catalog\index.js:58) 
[INFO] 27-11-2023 12:42:27:976 ===> "The new value is: 114"  ---  (Catalog\index.js:64) 
[INFO] 27-11-2023 12:42:27:982 ===> "Updated successfully"  ---  (Catalog\index.js:66) 
[INFO] 27-11-2023 12:42:32:842 ===> "Searching for the book with item number: 4"  ---  (Catalog\index.js:41) 
[INFO] 27-11-2023 12:42:32:844 ===> "The result is: [{\"number\":4,\"title\":\"Cooking for the Impatient Undergrad\",\"topic\":\"undergraduate school\",\"cost\":15,\"stock\":114}]"  ---  (Catalog\index.js:46) 
[INFO] 27-11-2023 12:42:36:561 ===> "Searching for the book with item number: 4"  ---  (Catalog\index.js:41) 
[INFO] 27-11-2023 12:42:36:562 ===> "The result is: [{\"number\":4,\"title\":\"Cooking for the Impatient Undergrad\",\"topic\":\"undergraduate school\",\"cost\":15,\"stock\":114}]"  ---  (Catalog\index.js:46) 
[INFO] 27-11-2023 12:42:36:573 ===> "Updating item 4 stock by undefined amount to 1"  ---  (Catalog\index.js:58) 
[INFO] 27-11-2023 12:42:36:575 ===> "The new value is: 113"  ---  (Catalog\index.js:64) 
[INFO] 27-11-2023 12:42:36:587 ===> "Updated successfully"  ---  (Catalog\index.js:66) 
[INFO] 27-11-2023 12:42:39:523 ===> "Searching for the book with item number: 4"  ---  (Catalog\index.js:41) 
[INFO] 27-11-2023 12:42:39:524 ===> "The result is: [{\"number\":4,\"title\":\"Cooking for the Impatient Undergrad\",\"topic\":\"undergraduate school\",\"cost\":15,\"stock\":113}]"  ---  (Catalog\index.js:46) 
[INFO] 27-11-2023 12:49:45:617 ===> "Searching for the book with item number: 4"  ---  (Catalog\index.js:41) 
[INFO] 27-11-2023 12:49:45:619 ===> "The result is: [{\"number\":4,\"title\":\"Cooking for the Impatient Undergrad\",\"topic\":\"undergraduate school\",\"cost\":15,\"stock\":113}]"  ---  (Catalog\index.js:46) 
[INFO] 27-11-2023 12:49:49:200 ===> "Searching for the book with item number: 4"  ---  (Catalog\index.js:41) 
[INFO] 27-11-2023 12:49:49:202 ===> "The result is: [{\"number\":4,\"title\":\"Cooking for the Impatient Undergrad\",\"topic\":\"undergraduate school\",\"cost\":15,\"stock\":113}]"  ---  (Catalog\index.js:46) 
[INFO] 27-11-2023 12:49:49:212 ===> "Updating item undefined stock by undefined amount to 1"  ---  (Catalog\index.js:58) 
[INFO] 27-11-2023 12:51:36:494 ===> "Searching for the book with item number: 4"  ---  (Catalog\index.js:41) 
[INFO] 27-11-2023 12:51:36:495 ===> "The result is: [{\"number\":4,\"title\":\"Cooking for the Impatient Undergrad\",\"topic\":\"undergraduate school\",\"cost\":15,\"stock\":113}]"  ---  (Catalog\index.js:46) 
[INFO] 27-11-2023 12:51:36:505 ===> "Updating item undefined stock by undefined amount to 1"  ---  (Catalog\index.js:58) 
[INFO] 27-11-2023 12:51:37:531 ===> "Searching for the book with item number: 4"  ---  (Catalog\index.js:41) 
[INFO] 27-11-2023 12:51:37:534 ===> "The result is: [{\"number\":4,\"title\":\"Cooking for the Impatient Undergrad\",\"topic\":\"undergraduate school\",\"cost\":15,\"stock\":113}]"  ---  (Catalog\index.js:46) 
[INFO] 27-11-2023 12:51:37:540 ===> "Updating item undefined stock by undefined amount to 1"  ---  (Catalog\index.js:58) 
[INFO] 27-11-2023 12:52:13:740 ===> "Searching for the book with item number: 4"  ---  (Catalog\index.js:41) 
[INFO] 27-11-2023 12:52:13:741 ===> "The result is: [{\"number\":4,\"title\":\"Cooking for the Impatient Undergrad\",\"topic\":\"undergraduate school\",\"cost\":15,\"stock\":113}]"  ---  (Catalog\index.js:46) 
[INFO] 27-11-2023 12:52:13:757 ===> "Updating item 4 stock by undefined amount to 1"  ---  (Catalog\index.js:58) 
[INFO] 27-11-2023 12:52:13:758 ===> "The new value is: 112"  ---  (Catalog\index.js:64) 
[INFO] 27-11-2023 12:52:13:766 ===> "Updated successfully"  ---  (Catalog\index.js:66) 
[INFO] 27-11-2023 12:52:18:798 ===> "Searching for the book with item number: 4"  ---  (Catalog\index.js:41) 
[INFO] 27-11-2023 12:52:18:800 ===> "The result is: [{\"number\":4,\"title\":\"Cooking for the Impatient Undergrad\",\"topic\":\"undergraduate school\",\"cost\":15,\"stock\":112}]"  ---  (Catalog\index.js:46) 
[INFO] 27-11-2023 12:54:12:946 ===> "Searching for the book with item number: 4"  ---  (Catalog\index.js:41) 
[INFO] 27-11-2023 12:54:12:948 ===> "The result is: [{\"number\":4,\"title\":\"Cooking for the Impatient Undergrad\",\"topic\":\"undergraduate school\",\"cost\":15,\"stock\":112}]"  ---  (Catalog\index.js:46) 
[INFO] 27-11-2023 12:54:25:602 ===> "Searching for the book with item number: 4"  ---  (Catalog\index.js:41) 
[INFO] 27-11-2023 12:54:25:604 ===> "The result is: [{\"number\":4,\"title\":\"Cooking for the Impatient Undergrad\",\"topic\":\"undergraduate school\",\"cost\":15,\"stock\":112}]"  ---  (Catalog\index.js:46) 
[INFO] 27-11-2023 12:54:25:618 ===> "Updating item 4 stock by undefined amount to 1"  ---  (Catalog\index.js:58) 
[INFO] 27-11-2023 12:54:25:619 ===> "The new value is: 111"  ---  (Catalog\index.js:64) 
[INFO] 27-11-2023 12:54:25:626 ===> "Updated successfully"  ---  (Catalog\index.js:66) 
[INFO] 27-11-2023 12:56:20:979 ===> "Searching for the book with item number: 4"  ---  (Catalog\index.js:41) 
[INFO] 27-11-2023 12:56:20:982 ===> "The result is: [{\"number\":4,\"title\":\"Cooking for the Impatient Undergrad\",\"topic\":\"undergraduate school\",\"cost\":15,\"stock\":111}]"  ---  (Catalog\index.js:46) 
[INFO] 27-11-2023 12:56:21:002 ===> "Updating item 4 stock by undefined amount to 1"  ---  (Catalog\index.js:58) 
[INFO] 27-11-2023 12:56:21:003 ===> "The new value is: 110"  ---  (Catalog\index.js:64) 
[INFO] 27-11-2023 12:56:21:016 ===> "Updated successfully"  ---  (Catalog\index.js:66) 
[INFO] 27-11-2023 12:57:21:056 ===> "Searching for the book with item number: 4"  ---  (Catalog\index.js:41) 
[INFO] 27-11-2023 12:57:21:057 ===> "The result is: [{\"number\":4,\"title\":\"Cooking for the Impatient Undergrad\",\"topic\":\"undergraduate school\",\"cost\":15,\"stock\":110}]"  ---  (Catalog\index.js:46) 
[INFO] 27-11-2023 12:57:21:073 ===> "Updating item 4 stock by undefined amount to 1"  ---  (Catalog\index.js:58) 
[INFO] 27-11-2023 12:57:21:075 ===> "The new value is: 109"  ---  (Catalog\index.js:64) 
[INFO] 27-11-2023 12:57:21:082 ===> "Updated successfully"  ---  (Catalog\index.js:66) 
[INFO] 27-11-2023 12:57:40:018 ===> "Searching for the book with item number: 4"  ---  (Catalog\index.js:41) 
[INFO] 27-11-2023 12:57:40:019 ===> "The result is: [{\"number\":4,\"title\":\"Cooking for the Impatient Undergrad\",\"topic\":\"undergraduate school\",\"cost\":15,\"stock\":109}]"  ---  (Catalog\index.js:46) 
[INFO] 27-11-2023 12:57:40:032 ===> "Updating item 4 stock by undefined amount to 1"  ---  (Catalog\index.js:58) 
[INFO] 27-11-2023 12:57:40:033 ===> "The new value is: 108"  ---  (Catalog\index.js:64) 
[INFO] 27-11-2023 12:57:40:041 ===> "Updated successfully"  ---  (Catalog\index.js:66) 
[INFO] 27-11-2023 12:58:09:642 ===> "Searching for the book with item number: 4"  ---  (Catalog\index.js:41) 
[INFO] 27-11-2023 12:58:09:645 ===> "The result is: [{\"number\":4,\"title\":\"Cooking for the Impatient Undergrad\",\"topic\":\"undergraduate school\",\"cost\":15,\"stock\":108}]"  ---  (Catalog\index.js:46) 
[INFO] 27-11-2023 12:58:09:657 ===> "Updating item 4 stock by undefined amount to 1"  ---  (Catalog\index.js:58) 
[INFO] 27-11-2023 12:58:09:659 ===> "The new value is: 107"  ---  (Catalog\index.js:64) 
[INFO] 27-11-2023 12:58:09:673 ===> "Updated successfully"  ---  (Catalog\index.js:66) 
[INFO] 27-11-2023 13:37:32:837 ===> "Server is running on port 4000"  ---  (Catalog\index.js:94) 
[INFO] 27-11-2023 13:37:35:211 ===> "Searching for the book with item number: 4"  ---  (Catalog\index.js:41) 
[INFO] 27-11-2023 13:37:35:233 ===> "The result is: [{\"number\":4,\"title\":\"Cooking for the Impatient Undergrad\",\"topic\":\"undergraduate school\",\"cost\":15,\"stock\":105}]"  ---  (Catalog\index.js:46) 
[INFO] 27-11-2023 13:37:40:285 ===> "Searching for the book with item number: 1"  ---  (Catalog\index.js:41) 
[INFO] 27-11-2023 13:37:40:289 ===> "The result is: [{\"number\":1,\"title\":\"How to get a good grade in DOS in 40 minutes a day\",\"topic\":\"distributed systems\",\"cost\":30,\"stock\":90}]"  ---  (Catalog\index.js:46) 
[INFO] 27-11-2023 13:38:08:840 ===> "Searching for the book with item number: 3"  ---  (Catalog\index.js:41) 
[INFO] 27-11-2023 13:38:08:844 ===> "The result is: [{\"number\":3,\"title\":\"Xen and the Art of Surviving Undergraduate School\",\"topic\":\"undergraduate school\",\"cost\":123,\"stock\":60}]"  ---  (Catalog\index.js:46) 
[INFO] 27-11-2023 13:38:08:895 ===> "Updating item 3 stock by undefined amount to 1"  ---  (Catalog\index.js:58) 
[INFO] 27-11-2023 13:38:08:898 ===> "The new value is: 59"  ---  (Catalog\index.js:64) 
[INFO] 27-11-2023 13:38:08:912 ===> "Updated successfully"  ---  (Catalog\index.js:66) 
[INFO] 27-11-2023 13:38:19:720 ===> "Searching for the book with item number: 3"  ---  (Catalog\index.js:41) 
[INFO] 27-11-2023 13:38:19:724 ===> "The result is: [{\"number\":3,\"title\":\"Xen and the Art of Surviving Undergraduate School\",\"topic\":\"undergraduate school\",\"cost\":123,\"stock\":59}]"  ---  (Catalog\index.js:46) 
[INFO] 27-11-2023 13:38:43:758 ===> "Searching for the book with item number: 3"  ---  (Catalog\index.js:41) 
[INFO] 27-11-2023 13:38:43:761 ===> "The result is: [{\"number\":3,\"title\":\"Xen and the Art of Surviving Undergraduate School\",\"topic\":\"undergraduate school\",\"cost\":123,\"stock\":59}]"  ---  (Catalog\index.js:46) 
[INFO] 27-11-2023 13:38:43:782 ===> "Updating item 3 stock by undefined amount to 1"  ---  (Catalog\index.js:58) 
[INFO] 27-11-2023 13:38:43:786 ===> "The new value is: 58"  ---  (Catalog\index.js:64) 
[INFO] 27-11-2023 13:38:43:806 ===> "Updated successfully"  ---  (Catalog\index.js:66) 
[INFO] 27-11-2023 13:38:46:713 ===> "Searching for the book with item number: 3"  ---  (Catalog\index.js:41) 
[INFO] 27-11-2023 13:38:46:720 ===> "The result is: [{\"number\":3,\"title\":\"Xen and the Art of Surviving Undergraduate School\",\"topic\":\"undergraduate school\",\"cost\":123,\"stock\":58}]"  ---  (Catalog\index.js:46) 
[INFO] 28-11-2023 01:58:50:068 ===> "Searching for books with subject: distributed systems"  ---  (Catalog\index.js:26) 
[INFO] 28-11-2023 01:58:50:078 ===> "The result is: [{\"number\":1,\"title\":\"How to get a good grade in DOS in 40 minutes a day\",\"topic\":\"distributed systems\",\"cost\":30,\"stock\":90},{\"number\":2,\"title\":\"RPCs for Noobs\",\"topic\":\"distributed systems\",\"cost\":25,\"stock\":200}]"  ---  (Catalog\index.js:31) 
[INFO] 28-11-2023 02:08:48:948 ===> "Searching for books with subject: distributed systems"  ---  (Catalog\index.js:26) 
[INFO] 28-11-2023 02:08:48:949 ===> "The result is: [{\"number\":1,\"title\":\"How to get a good grade in DOS in 40 minutes a day\",\"topic\":\"distributed systems\",\"cost\":30,\"stock\":90},{\"number\":2,\"title\":\"RPCs for Noobs\",\"topic\":\"distributed systems\",\"cost\":25,\"stock\":200}]"  ---  (Catalog\index.js:31) 
[INFO] 28-11-2023 02:15:21:388 ===> "Searching for books with subject: distributed systems"  ---  (Catalog\index.js:26) 
[INFO] 28-11-2023 02:15:21:391 ===> "The result is: [{\"number\":1,\"title\":\"How to get a good grade in DOS in 40 minutes a day\",\"topic\":\"distributed systems\",\"cost\":30,\"stock\":90},{\"number\":2,\"title\":\"RPCs for Noobs\",\"topic\":\"distributed systems\",\"cost\":25,\"stock\":200}]"  ---  (Catalog\index.js:31) 
[INFO] 28-11-2023 02:16:07:612 ===> "Searching for books with subject: distributed systems"  ---  (Catalog\index.js:26) 
[INFO] 28-11-2023 02:16:07:614 ===> "The result is: [{\"number\":1,\"title\":\"How to get a good grade in DOS in 40 minutes a day\",\"topic\":\"distributed systems\",\"cost\":30,\"stock\":90},{\"number\":2,\"title\":\"RPCs for Noobs\",\"topic\":\"distributed systems\",\"cost\":25,\"stock\":200}]"  ---  (Catalog\index.js:31) 
[INFO] 28-11-2023 02:16:25:975 ===> "Searching for the book with item number: undefined"  ---  (Catalog\index.js:41) 
[INFO] 28-11-2023 02:18:27:530 ===> "Searching for the book with item number: undefined"  ---  (Catalog\index.js:41) 
[INFO] 28-11-2023 02:19:08:802 ===> "Searching for the book with item number: 1"  ---  (Catalog\index.js:41) 
[INFO] 28-11-2023 02:19:08:804 ===> "The result is: [{\"number\":1,\"title\":\"How to get a good grade in DOS in 40 minutes a day\",\"topic\":\"distributed systems\",\"cost\":30,\"stock\":90}]"  ---  (Catalog\index.js:46) 
[INFO] 28-11-2023 02:19:09:828 ===> "Searching for the book with item number: 1"  ---  (Catalog\index.js:41) 
[INFO] 28-11-2023 02:19:09:831 ===> "The result is: [{\"number\":1,\"title\":\"How to get a good grade in DOS in 40 minutes a day\",\"topic\":\"distributed systems\",\"cost\":30,\"stock\":90}]"  ---  (Catalog\index.js:46) 
[INFO] 28-11-2023 02:21:24:480 ===> "Searching for books with subject: distributed systems"  ---  (Catalog\index.js:26) 
[INFO] 28-11-2023 02:21:24:481 ===> "The result is: [{\"number\":1,\"title\":\"How to get a good grade in DOS in 40 minutes a day\",\"topic\":\"distributed systems\",\"cost\":30,\"stock\":90},{\"number\":2,\"title\":\"RPCs for Noobs\",\"topic\":\"distributed systems\",\"cost\":25,\"stock\":200}]"  ---  (Catalog\index.js:31) 
[INFO] 28-11-2023 02:21:30:859 ===> "Searching for the book with item number: undefined"  ---  (Catalog\index.js:41) 
[INFO] 28-11-2023 02:24:25:123 ===> "Searching for the book with item number: 1"  ---  (Catalog\index.js:41) 
[INFO] 28-11-2023 02:24:25:125 ===> "The result is: [{\"number\":1,\"title\":\"How to get a good grade in DOS in 40 minutes a day\",\"topic\":\"distributed systems\",\"cost\":30,\"stock\":90}]"  ---  (Catalog\index.js:46) 
[INFO] 28-11-2023 02:25:57:494 ===> "Searching for the book with item number: 1"  ---  (Catalog\index.js:41) 
[INFO] 28-11-2023 02:25:57:499 ===> "The result is: [{\"number\":1,\"title\":\"How to get a good grade in DOS in 40 minutes a day\",\"topic\":\"distributed systems\",\"cost\":30,\"stock\":90}]"  ---  (Catalog\index.js:46) 
[INFO] 28-11-2023 02:27:01:859 ===> "Searching for the book with item number: 1"  ---  (Catalog\index.js:41) 
[INFO] 28-11-2023 02:27:01:862 ===> "The result is: [{\"number\":1,\"title\":\"How to get a good grade in DOS in 40 minutes a day\",\"topic\":\"distributed systems\",\"cost\":30,\"stock\":90}]"  ---  (Catalog\index.js:46) 
[INFO] 28-11-2023 02:37:02:016 ===> "Searching for the book with item number: 1"  ---  (Catalog\index.js:41) 
[INFO] 28-11-2023 02:37:02:018 ===> "The result is: [{\"number\":1,\"title\":\"How to get a good grade in DOS in 40 minutes a day\",\"topic\":\"distributed systems\",\"cost\":30,\"stock\":90}]"  ---  (Catalog\index.js:46) 
[INFO] 28-11-2023 02:37:02:032 ===> "Updating item 1 stock by undefined amount to 1"  ---  (Catalog\index.js:58) 
[INFO] 28-11-2023 02:37:02:033 ===> "The new value is: 89"  ---  (Catalog\index.js:64) 
[INFO] 28-11-2023 02:37:02:041 ===> "Updated successfully"  ---  (Catalog\index.js:66) 
[INFO] 28-11-2023 02:37:28:617 ===> "Searching for the book with item number: 1"  ---  (Catalog\index.js:41) 
[INFO] 28-11-2023 02:37:28:618 ===> "The result is: [{\"number\":1,\"title\":\"How to get a good grade in DOS in 40 minutes a day\",\"topic\":\"distributed systems\",\"cost\":30,\"stock\":89}]"  ---  (Catalog\index.js:46) 
[INFO] 28-11-2023 02:37:34:166 ===> "Searching for the book with item number: 1"  ---  (Catalog\index.js:41) 
[INFO] 28-11-2023 02:37:34:168 ===> "The result is: [{\"number\":1,\"title\":\"How to get a good grade in DOS in 40 minutes a day\",\"topic\":\"distributed systems\",\"cost\":30,\"stock\":89}]"  ---  (Catalog\index.js:46) 
[INFO] 28-11-2023 02:37:34:182 ===> "Updating item 1 stock by undefined amount to 1"  ---  (Catalog\index.js:58) 
[INFO] 28-11-2023 02:37:34:183 ===> "The new value is: 88"  ---  (Catalog\index.js:64) 
[INFO] 28-11-2023 02:37:34:189 ===> "Updated successfully"  ---  (Catalog\index.js:66) 
[INFO] 28-11-2023 02:37:38:029 ===> "Searching for the book with item number: 1"  ---  (Catalog\index.js:41) 
[INFO] 28-11-2023 02:37:38:031 ===> "The result is: [{\"number\":1,\"title\":\"How to get a good grade in DOS in 40 minutes a day\",\"topic\":\"distributed systems\",\"cost\":30,\"stock\":88}]"  ---  (Catalog\index.js:46) 
[INFO] 28-11-2023 02:40:52:975 ===> "Searching for books with subject: distributed system"  ---  (Catalog\index.js:26) 
[INFO] 28-11-2023 02:40:52:982 ===> "The result is: []"  ---  (Catalog\index.js:31) 
[INFO] 28-11-2023 04:42:32:064 ===> "Server is running on port 4000"  ---  (Catalog\index.js:94) 
[INFO] 28-11-2023 04:42:36:259 ===> "Searching for the book with item number: 1, 2"  ---  (Catalog\index.js:41) 
[INFO] 28-11-2023 04:42:36:284 ===> "The result is: []"  ---  (Catalog\index.js:46) 
[INFO] 28-11-2023 04:43:18:979 ===> "Server is running on port 4000"  ---  (Catalog\index.js:94) 
[INFO] 28-11-2023 04:43:26:246 ===> "Searching for the book with item number: 1"  ---  (Catalog\index.js:41) 
[INFO] 28-11-2023 04:43:26:260 ===> "The result is: [{\"number\":1,\"title\":\"How to get a good grade in DOS in 40 minutes a day\",\"topic\":\"distributed systems\",\"cost\":30,\"stock\":88}]"  ---  (Catalog\index.js:46) 
[INFO] 28-11-2023 15:00:36:542 ===> "Server is running on port 4000"  ---  (Catalog\index.js:94) 
[INFO] 28-11-2023 15:01:17:830 ===> "Searching for the book with item number: 1"  ---  (Catalog\index.js:41) 
[INFO] 28-11-2023 15:01:17:882 ===> "The result is: [{\"number\":1,\"title\":\"How to get a good grade in DOS in 40 minutes a day\",\"topic\":\"distributed systems\",\"cost\":30,\"stock\":88}]"  ---  (Catalog\index.js:46) 
[INFO] 28-11-2023 15:01:18:000 ===> "Updating item 1 stock by undefined amount to 1"  ---  (Catalog\index.js:58) 
[INFO] 28-11-2023 15:01:18:007 ===> "The new value is: 87"  ---  (Catalog\index.js:64) 
[INFO] 28-11-2023 15:01:18:031 ===> "Updated successfully"  ---  (Catalog\index.js:66) 
[INFO] 31-12-2023 02:24:21:972 ===> "Server is running on port 4000"  ---  (Catalog\index.js:94) 
[INFO] 31-12-2023 02:24:40:292 ===> "Searching for books with subject: undefined"  ---  (Catalog\index.js:26) 
[INFO] 31-12-2023 02:25:24:201 ===> "Searching for books with subject: undefined"  ---  (Catalog\index.js:26) 
[INFO] 31-12-2023 02:25:25:203 ===> "Searching for books with subject: undefined"  ---  (Catalog\index.js:26) 
[INFO] 31-12-2023 02:25:26:061 ===> "Searching for books with subject: undefined"  ---  (Catalog\index.js:26) 
[INFO] 31-12-2023 02:27:08:007 ===> "Searching for books with subject: LAB2"  ---  (Catalog\index.js:26) 
[INFO] 31-12-2023 02:27:08:017 ===> "The result is: [{\"number\":5,\"title\":\"How to finish Project 3 on time\",\"topic\":\"LAB2\",\"cost\":29,\"stock\":100},{\"number\":6,\"title\":\"Why theory classes are so hard\",\"topic\":\"LAB2\",\"cost\":34,\"stock\":150},{\"number\":7,\"title\":\"Spring in the Pioneer Valley\",\"topic\":\"LAB2\",\"cost\":24,\"stock\":45}]"  ---  (Catalog\index.js:31) 
[INFO] 31-12-2023 02:29:55:317 ===> "Searching for books with subject: LAB2"  ---  (Catalog\index.js:26) 
[INFO] 31-12-2023 02:29:55:318 ===> "The result is: [{\"number\":5,\"title\":\"How to finish Project 3 on time\",\"topic\":\"LAB2\",\"cost\":29,\"stock\":100},{\"number\":6,\"title\":\"Why theory classes are so hard\",\"topic\":\"LAB2\",\"cost\":34,\"stock\":150},{\"number\":7,\"title\":\"Spring in the Pioneer Valley\",\"topic\":\"LAB2\",\"cost\":24,\"stock\":45}]"  ---  (Catalog\index.js:31) 
[INFO] 31-12-2023 02:29:56:227 ===> "Searching for books with subject: LAB2"  ---  (Catalog\index.js:26) 
[INFO] 31-12-2023 02:29:56:229 ===> "The result is: [{\"number\":5,\"title\":\"How to finish Project 3 on time\",\"topic\":\"LAB2\",\"cost\":29,\"stock\":100},{\"number\":6,\"title\":\"Why theory classes are so hard\",\"topic\":\"LAB2\",\"cost\":34,\"stock\":150},{\"number\":7,\"title\":\"Spring in the Pioneer Valley\",\"topic\":\"LAB2\",\"cost\":24,\"stock\":45}]"  ---  (Catalog\index.js:31) 
[INFO] 31-12-2023 02:29:57:053 ===> "Searching for books with subject: LAB2"  ---  (Catalog\index.js:26) 
[INFO] 31-12-2023 02:29:57:055 ===> "The result is: [{\"number\":5,\"title\":\"How to finish Project 3 on time\",\"topic\":\"LAB2\",\"cost\":29,\"stock\":100},{\"number\":6,\"title\":\"Why theory classes are so hard\",\"topic\":\"LAB2\",\"cost\":34,\"stock\":150},{\"number\":7,\"title\":\"Spring in the Pioneer Valley\",\"topic\":\"LAB2\",\"cost\":24,\"stock\":45}]"  ---  (Catalog\index.js:31) 
[INFO] 31-12-2023 02:32:35:129 ===> "Searching for books with subject: LAB2"  ---  (Catalog\index.js:26) 
[INFO] 31-12-2023 02:32:35:130 ===> "The result is: [{\"number\":5,\"title\":\"How to finish Project 3 on time\",\"topic\":\"LAB2\",\"cost\":29,\"stock\":100},{\"number\":6,\"title\":\"Why theory classes are so hard\",\"topic\":\"LAB2\",\"cost\":34,\"stock\":150},{\"number\":7,\"title\":\"Spring in the Pioneer Valley\",\"topic\":\"LAB2\",\"cost\":24,\"stock\":45}]"  ---  (Catalog\index.js:31) 
[INFO] 31-12-2023 02:32:36:375 ===> "Searching for books with subject: LAB2"  ---  (Catalog\index.js:26) 
[INFO] 31-12-2023 02:32:36:377 ===> "The result is: [{\"number\":5,\"title\":\"How to finish Project 3 on time\",\"topic\":\"LAB2\",\"cost\":29,\"stock\":100},{\"number\":6,\"title\":\"Why theory classes are so hard\",\"topic\":\"LAB2\",\"cost\":34,\"stock\":150},{\"number\":7,\"title\":\"Spring in the Pioneer Valley\",\"topic\":\"LAB2\",\"cost\":24,\"stock\":45}]"  ---  (Catalog\index.js:31) 
[INFO] 31-12-2023 02:33:03:509 ===> "Searching for books with subject: undergraduate school"  ---  (Catalog\index.js:26) 
[INFO] 31-12-2023 02:33:03:511 ===> "The result is: [{\"number\":3,\"title\":\"Xen and the Art of Surviving Undergraduate School\",\"topic\":\"undergraduate school\",\"cost\":123,\"stock\":58},{\"number\":4,\"title\":\"Cooking for the Impatient Undergrad\",\"topic\":\"undergraduate school\",\"cost\":15,\"stock\":105}]"  ---  (Catalog\index.js:31) 
[INFO] 31-12-2023 02:33:05:936 ===> "Searching for books with subject: undergraduate school"  ---  (Catalog\index.js:26) 
[INFO] 31-12-2023 02:33:05:938 ===> "The result is: [{\"number\":3,\"title\":\"Xen and the Art of Surviving Undergraduate School\",\"topic\":\"undergraduate school\",\"cost\":123,\"stock\":58},{\"number\":4,\"title\":\"Cooking for the Impatient Undergrad\",\"topic\":\"undergraduate school\",\"cost\":15,\"stock\":105}]"  ---  (Catalog\index.js:31) 
[INFO] 31-12-2023 02:33:07:074 ===> "Searching for books with subject: undergraduate school"  ---  (Catalog\index.js:26) 
[INFO] 31-12-2023 02:33:07:076 ===> "The result is: [{\"number\":3,\"title\":\"Xen and the Art of Surviving Undergraduate School\",\"topic\":\"undergraduate school\",\"cost\":123,\"stock\":58},{\"number\":4,\"title\":\"Cooking for the Impatient Undergrad\",\"topic\":\"undergraduate school\",\"cost\":15,\"stock\":105}]"  ---  (Catalog\index.js:31) 
[INFO] 31-12-2023 02:33:08:097 ===> "Searching for books with subject: undergraduate school"  ---  (Catalog\index.js:26) 
[INFO] 31-12-2023 02:33:08:098 ===> "The result is: [{\"number\":3,\"title\":\"Xen and the Art of Surviving Undergraduate School\",\"topic\":\"undergraduate school\",\"cost\":123,\"stock\":58},{\"number\":4,\"title\":\"Cooking for the Impatient Undergrad\",\"topic\":\"undergraduate school\",\"cost\":15,\"stock\":105}]"  ---  (Catalog\index.js:31) 
[INFO] 31-12-2023 02:43:13:949 ===> "Searching for books with subject: undergraduate school"  ---  (Catalog\index.js:26) 
[INFO] 31-12-2023 02:43:13:950 ===> "The result is: [{\"number\":3,\"title\":\"Xen and the Art of Surviving Undergraduate School\",\"topic\":\"undergraduate school\",\"cost\":123,\"stock\":58},{\"number\":4,\"title\":\"Cooking for the Impatient Undergrad\",\"topic\":\"undergraduate school\",\"cost\":15,\"stock\":105}]"  ---  (Catalog\index.js:31) 
[INFO] 31-12-2023 03:43:24:558 ===> "Searching for books with subject: undergraduate school"  ---  (Catalog\index.js:26) 
[INFO] 31-12-2023 03:43:24:572 ===> "The result is: [{\"number\":3,\"title\":\"Xen and the Art of Surviving Undergraduate School\",\"topic\":\"undergraduate school\",\"cost\":123,\"stock\":58},{\"number\":4,\"title\":\"Cooking for the Impatient Undergrad\",\"topic\":\"undergraduate school\",\"cost\":15,\"stock\":105}]"  ---  (Catalog\index.js:31) 
[INFO] 31-12-2023 03:43:25:698 ===> "Searching for books with subject: undergraduate school"  ---  (Catalog\index.js:26) 
[INFO] 31-12-2023 03:43:25:701 ===> "The result is: [{\"number\":3,\"title\":\"Xen and the Art of Surviving Undergraduate School\",\"topic\":\"undergraduate school\",\"cost\":123,\"stock\":58},{\"number\":4,\"title\":\"Cooking for the Impatient Undergrad\",\"topic\":\"undergraduate school\",\"cost\":15,\"stock\":105}]"  ---  (Catalog\index.js:31) 
[INFO] 31-12-2023 03:43:26:608 ===> "Searching for books with subject: undergraduate school"  ---  (Catalog\index.js:26) 
[INFO] 31-12-2023 03:43:26:611 ===> "The result is: [{\"number\":3,\"title\":\"Xen and the Art of Surviving Undergraduate School\",\"topic\":\"undergraduate school\",\"cost\":123,\"stock\":58},{\"number\":4,\"title\":\"Cooking for the Impatient Undergrad\",\"topic\":\"undergraduate school\",\"cost\":15,\"stock\":105}]"  ---  (Catalog\index.js:31) 
[INFO] 31-12-2023 03:43:27:484 ===> "Searching for books with subject: undergraduate school"  ---  (Catalog\index.js:26) 
[INFO] 31-12-2023 03:43:27:486 ===> "The result is: [{\"number\":3,\"title\":\"Xen and the Art of Surviving Undergraduate School\",\"topic\":\"undergraduate school\",\"cost\":123,\"stock\":58},{\"number\":4,\"title\":\"Cooking for the Impatient Undergrad\",\"topic\":\"undergraduate school\",\"cost\":15,\"stock\":105}]"  ---  (Catalog\index.js:31) 
[INFO] 31-12-2023 04:25:21:643 ===> "Searching for books with subject: undergraduate school"  ---  (Catalog\index.js:26) 
[INFO] 31-12-2023 04:25:21:648 ===> "The result is: [{\"number\":3,\"title\":\"Xen and the Art of Surviving Undergraduate School\",\"topic\":\"undergraduate school\",\"cost\":123,\"stock\":58},{\"number\":4,\"title\":\"Cooking for the Impatient Undergrad\",\"topic\":\"undergraduate school\",\"cost\":15,\"stock\":105}]"  ---  (Catalog\index.js:31) 
[INFO] 31-12-2023 04:33:11:268 ===> "Searching for books with subject: undergraduate school"  ---  (Catalog\index.js:26) 
[INFO] 31-12-2023 04:33:11:270 ===> "The result is: [{\"number\":3,\"title\":\"Xen and the Art of Surviving Undergraduate School\",\"topic\":\"undergraduate school\",\"cost\":123,\"stock\":58},{\"number\":4,\"title\":\"Cooking for the Impatient Undergrad\",\"topic\":\"undergraduate school\",\"cost\":15,\"stock\":105}]"  ---  (Catalog\index.js:31) 
[INFO] 31-12-2023 04:36:33:639 ===> "Searching for books with subject: undergraduate school"  ---  (Catalog\index.js:26) 
[INFO] 31-12-2023 04:36:33:641 ===> "The result is: [{\"number\":3,\"title\":\"Xen and the Art of Surviving Undergraduate School\",\"topic\":\"undergraduate school\",\"cost\":123,\"stock\":58},{\"number\":4,\"title\":\"Cooking for the Impatient Undergrad\",\"topic\":\"undergraduate school\",\"cost\":15,\"stock\":105}]"  ---  (Catalog\index.js:31) 
[INFO] 31-12-2023 04:37:48:835 ===> "Searching for books with subject: undergraduate school"  ---  (Catalog\index.js:26) 
[INFO] 31-12-2023 04:37:48:836 ===> "The result is: [{\"number\":3,\"title\":\"Xen and the Art of Surviving Undergraduate School\",\"topic\":\"undergraduate school\",\"cost\":123,\"stock\":58},{\"number\":4,\"title\":\"Cooking for the Impatient Undergrad\",\"topic\":\"undergraduate school\",\"cost\":15,\"stock\":105}]"  ---  (Catalog\index.js:31) 
[INFO] 31-12-2023 04:38:04:574 ===> "Server is running on port 4000"  ---  (Catalog\index.js:94) 
[INFO] 31-12-2023 04:39:58:330 ===> "Server is running on port 4000"  ---  (Catalog\index.js:95) 
[INFO] 31-12-2023 04:40:02:205 ===> "Server is running on port 4000"  ---  (Catalog\index.js:96) 
[INFO] 31-12-2023 04:40:11:350 ===> "Server is running on port 4000"  ---  (Catalog\index.js:96) 
[INFO] 31-12-2023 04:40:20:778 ===> "Searching for books with subject: undergraduate school"  ---  (Catalog\index.js:28) 
[INFO] 31-12-2023 04:40:20:793 ===> "The result is: [{\"number\":3,\"title\":\"Xen and the Art of Surviving Undergraduate School\",\"topic\":\"undergraduate school\",\"cost\":123,\"stock\":58},{\"number\":4,\"title\":\"Cooking for the Impatient Undergrad\",\"topic\":\"undergraduate school\",\"cost\":15,\"stock\":105}]"  ---  (Catalog\index.js:33) 
[INFO] 31-12-2023 04:41:45:602 ===> "Searching for books with subject: undergraduate school"  ---  (Catalog\index.js:28) 
[INFO] 31-12-2023 04:41:45:604 ===> "The result is: [{\"number\":3,\"title\":\"Xen and the Art of Surviving Undergraduate School\",\"topic\":\"undergraduate school\",\"cost\":123,\"stock\":58},{\"number\":4,\"title\":\"Cooking for the Impatient Undergrad\",\"topic\":\"undergraduate school\",\"cost\":15,\"stock\":105}]"  ---  (Catalog\index.js:33) 
[INFO] 31-12-2023 04:42:15:265 ===> "Searching for books with subject: undergraduate school"  ---  (Catalog\index.js:28) 
[INFO] 31-12-2023 04:42:15:266 ===> "The result is: [{\"number\":3,\"title\":\"Xen and the Art of Surviving Undergraduate School\",\"topic\":\"undergraduate school\",\"cost\":123,\"stock\":58},{\"number\":4,\"title\":\"Cooking for the Impatient Undergrad\",\"topic\":\"undergraduate school\",\"cost\":15,\"stock\":105}]"  ---  (Catalog\index.js:33) 
[INFO] 31-12-2023 04:42:16:287 ===> "Searching for books with subject: undergraduate school"  ---  (Catalog\index.js:28) 
[INFO] 31-12-2023 04:42:16:288 ===> "The result is: [{\"number\":3,\"title\":\"Xen and the Art of Surviving Undergraduate School\",\"topic\":\"undergraduate school\",\"cost\":123,\"stock\":58},{\"number\":4,\"title\":\"Cooking for the Impatient Undergrad\",\"topic\":\"undergraduate school\",\"cost\":15,\"stock\":105}]"  ---  (Catalog\index.js:33) 
[INFO] 31-12-2023 04:42:36:950 ===> "Searching for books with subject: LAB2"  ---  (Catalog\index.js:28) 
[INFO] 31-12-2023 04:42:36:951 ===> "The result is: [{\"number\":5,\"title\":\"How to finish Project 3 on time\",\"topic\":\"LAB2\",\"cost\":29,\"stock\":100},{\"number\":6,\"title\":\"Why theory classes are so hard\",\"topic\":\"LAB2\",\"cost\":34,\"stock\":150},{\"number\":7,\"title\":\"Spring in the Pioneer Valley\",\"topic\":\"LAB2\",\"cost\":24,\"stock\":45}]"  ---  (Catalog\index.js:33) 
[INFO] 31-12-2023 04:48:01:027 ===> "Searching for books with subject: distributed systems"  ---  (Catalog\index.js:28) 
[INFO] 31-12-2023 04:48:01:029 ===> "The result is: [{\"number\":1,\"title\":\"How to get a good grade in DOS in 40 minutes a day\",\"topic\":\"distributed systems\",\"cost\":30,\"stock\":87},{\"number\":2,\"title\":\"RPCs for Noobs\",\"topic\":\"distributed systems\",\"cost\":25,\"stock\":200}]"  ---  (Catalog\index.js:33) 
[INFO] 31-12-2023 04:49:16:409 ===> "Searching for the book with item number: 3"  ---  (Catalog\index.js:43) 
[INFO] 31-12-2023 04:49:16:410 ===> "The result is: [{\"number\":3,\"title\":\"Xen and the Art of Surviving Undergraduate School\",\"topic\":\"undergraduate school\",\"cost\":123,\"stock\":58}]"  ---  (Catalog\index.js:48) 
[INFO] 31-12-2023 04:49:23:479 ===> "Searching for the book with item number: 7"  ---  (Catalog\index.js:43) 
[INFO] 31-12-2023 04:49:23:480 ===> "The result is: [{\"number\":7,\"title\":\"Spring in the Pioneer Valley\",\"topic\":\"LAB2\",\"cost\":24,\"stock\":45}]"  ---  (Catalog\index.js:48) 
[INFO] 31-12-2023 04:51:08:950 ===> "Updating the book number 1 cost to 90"  ---  (Catalog\index.js:83) 
[INFO] 31-12-2023 04:51:08:959 ===> "Updated successfully"  ---  (Catalog\index.js:85) 
[INFO] 31-12-2023 04:55:07:553 ===> "Updating item 1 stock by increase amount to 90"  ---  (Catalog\index.js:60) 
[INFO] 31-12-2023 04:55:07:557 ===> "The new value is: 177"  ---  (Catalog\index.js:66) 
[INFO] 31-12-2023 04:55:07:565 ===> "Updated successfully"  ---  (Catalog\index.js:68) 
[INFO] 31-12-2023 05:10:34:187 ===> "Searching for the book with item number: 1"  ---  (Catalog\index.js:43) 
[INFO] 31-12-2023 05:10:34:189 ===> "The result is: [{\"number\":1,\"title\":\"How to get a good grade in DOS in 40 minutes a day\",\"topic\":\"distributed systems\",\"cost\":90,\"stock\":177}]"  ---  (Catalog\index.js:48) 
[INFO] 31-12-2023 05:10:34:230 ===> "Updating item 1 stock by undefined amount to 1"  ---  (Catalog\index.js:60) 
[INFO] 31-12-2023 05:10:34:231 ===> "The new value is: 176"  ---  (Catalog\index.js:66) 
[INFO] 31-12-2023 05:10:34:237 ===> "Updated successfully"  ---  (Catalog\index.js:68) 
[INFO] 31-12-2023 05:10:34:241 ===> "Updating item undefined stock by undefined amount to 1"  ---  (Catalog\index.js:60) 
[INFO] 31-12-2023 05:16:13:237 ===> "Searching for the book with item number: 1"  ---  (Catalog\index.js:43) 
[INFO] 31-12-2023 05:16:13:238 ===> "The result is: [{\"number\":1,\"title\":\"How to get a good grade in DOS in 40 minutes a day\",\"topic\":\"distributed systems\",\"cost\":90,\"stock\":176}]"  ---  (Catalog\index.js:48) 
[INFO] 31-12-2023 05:16:13:260 ===> "Updating item 1 stock by undefined amount to 1"  ---  (Catalog\index.js:60) 
[INFO] 31-12-2023 05:16:13:261 ===> "The new value is: 175"  ---  (Catalog\index.js:66) 
[INFO] 31-12-2023 05:16:13:266 ===> "Updated successfully"  ---  (Catalog\index.js:68) 
[INFO] 31-12-2023 05:16:13:270 ===> "Updating item undefined stock by undefined amount to 1"  ---  (Catalog\index.js:60) 
[INFO] 31-12-2023 05:18:22:308 ===> "Searching for the book with item number: 1"  ---  (Catalog\index.js:43) 
[INFO] 31-12-2023 05:18:22:309 ===> "The result is: [{\"number\":1,\"title\":\"How to get a good grade in DOS in 40 minutes a day\",\"topic\":\"distributed systems\",\"cost\":90,\"stock\":175}]"  ---  (Catalog\index.js:48) 
[INFO] 31-12-2023 05:20:28:964 ===> "Searching for the book with item number: 1"  ---  (Catalog\index.js:43) 
[INFO] 31-12-2023 05:20:28:965 ===> "The result is: [{\"number\":1,\"title\":\"How to get a good grade in DOS in 40 minutes a day\",\"topic\":\"distributed systems\",\"cost\":90,\"stock\":175}]"  ---  (Catalog\index.js:48) 
[INFO] 31-12-2023 05:20:28:988 ===> "Updating item 1 stock by undefined amount to 1"  ---  (Catalog\index.js:60) 
[INFO] 31-12-2023 05:20:28:989 ===> "The new value is: 174"  ---  (Catalog\index.js:66) 
[INFO] 31-12-2023 05:20:28:995 ===> "Updated successfully"  ---  (Catalog\index.js:68) 
[INFO] 31-12-2023 05:20:29:000 ===> "Updating item undefined stock by undefined amount to 1"  ---  (Catalog\index.js:60) 
[INFO] 31-12-2023 05:21:54:269 ===> "Searching for the book with item number: 1"  ---  (Catalog\index.js:43) 
[INFO] 31-12-2023 05:21:54:272 ===> "The result is: [{\"number\":1,\"title\":\"How to get a good grade in DOS in 40 minutes a day\",\"topic\":\"distributed systems\",\"cost\":90,\"stock\":174}]"  ---  (Catalog\index.js:48) 
[INFO] 31-12-2023 05:21:54:281 ===> "Updating item 1 stock by undefined amount to 1"  ---  (Catalog\index.js:60) 
[INFO] 31-12-2023 05:21:54:282 ===> "The new value is: 173"  ---  (Catalog\index.js:66) 
[INFO] 31-12-2023 05:21:54:294 ===> "Updated successfully"  ---  (Catalog\index.js:68) 
[INFO] 31-12-2023 05:21:54:298 ===> "Updating item undefined stock by undefined amount to 1"  ---  (Catalog\index.js:60) 
[INFO] 31-12-2023 05:23:11:480 ===> "Searching for the book with item number: 1"  ---  (Catalog\index.js:43) 
[INFO] 31-12-2023 05:23:11:481 ===> "The result is: [{\"number\":1,\"title\":\"How to get a good grade in DOS in 40 minutes a day\",\"topic\":\"distributed systems\",\"cost\":90,\"stock\":173}]"  ---  (Catalog\index.js:48) 
[INFO] 31-12-2023 05:23:11:498 ===> "Updating item 1 stock by undefined amount to 1"  ---  (Catalog\index.js:60) 
[INFO] 31-12-2023 05:23:11:500 ===> "The new value is: 172"  ---  (Catalog\index.js:66) 
[INFO] 31-12-2023 05:23:11:507 ===> "Updated successfully"  ---  (Catalog\index.js:68) 
[INFO] 31-12-2023 05:25:26:929 ===> "Searching for the book with item number: 1"  ---  (Catalog\index.js:43) 
[INFO] 31-12-2023 05:25:26:931 ===> "The result is: [{\"number\":1,\"title\":\"How to get a good grade in DOS in 40 minutes a day\",\"topic\":\"distributed systems\",\"cost\":90,\"stock\":172}]"  ---  (Catalog\index.js:48) 
[INFO] 31-12-2023 05:25:26:951 ===> "Updating item 1 stock by undefined amount to 1"  ---  (Catalog\index.js:60) 
[INFO] 31-12-2023 05:25:26:952 ===> "The new value is: 171"  ---  (Catalog\index.js:66) 
[INFO] 31-12-2023 05:25:26:963 ===> "Updated successfully"  ---  (Catalog\index.js:68) 
[INFO] 31-12-2023 05:27:30:902 ===> "Searching for the book with item number: 1"  ---  (Catalog\index.js:43) 
[INFO] 31-12-2023 05:27:30:903 ===> "The result is: [{\"number\":1,\"title\":\"How to get a good grade in DOS in 40 minutes a day\",\"topic\":\"distributed systems\",\"cost\":90,\"stock\":171}]"  ---  (Catalog\index.js:48) 
[INFO] 31-12-2023 05:27:30:923 ===> "Updating item 1 stock by undefined amount to 1"  ---  (Catalog\index.js:60) 
[INFO] 31-12-2023 05:27:30:924 ===> "The new value is: 170"  ---  (Catalog\index.js:66) 
[INFO] 31-12-2023 05:27:30:929 ===> "Updated successfully"  ---  (Catalog\index.js:68) 
[INFO] 31-12-2023 05:27:30:935 ===> "Updating item 1 stock by undefined amount to 1"  ---  (Catalog\index.js:60) 
[INFO] 31-12-2023 05:27:30:936 ===> "The new value is: 169"  ---  (Catalog\index.js:66) 
[INFO] 31-12-2023 05:27:30:941 ===> "Updated successfully"  ---  (Catalog\index.js:68) 
[INFO] 31-12-2023 05:30:46:758 ===> "Searching for the book with item number: 1"  ---  (Catalog\index.js:43) 
[INFO] 31-12-2023 05:30:46:759 ===> "The result is: [{\"number\":1,\"title\":\"How to get a good grade in DOS in 40 minutes a day\",\"topic\":\"distributed systems\",\"cost\":90,\"stock\":169}]"  ---  (Catalog\index.js:48) 
[INFO] 31-12-2023 05:38:31:808 ===> "Searching for the book with item number: 2"  ---  (Catalog\index.js:43) 
[INFO] 31-12-2023 05:38:31:811 ===> "The result is: [{\"number\":2,\"title\":\"RPCs for Noobs\",\"topic\":\"distributed systems\",\"cost\":25,\"stock\":200}]"  ---  (Catalog\index.js:48) 
[INFO] 31-12-2023 06:48:08:952 ===> "Server is running on port 4000"  ---  (Catalog\index.js:96) 
[INFO] 31-12-2023 07:02:08:907 ===> "Searching for books with subject: LAB2"  ---  (Catalog\index.js:28) 
[INFO] 31-12-2023 07:02:08:923 ===> "The result is: [{\"number\":5,\"title\":\"How to finish Project 3 on time\",\"topic\":\"LAB2\",\"cost\":29,\"stock\":100},{\"number\":6,\"title\":\"Why theory classes are so hard\",\"topic\":\"LAB2\",\"cost\":34,\"stock\":150},{\"number\":7,\"title\":\"Spring in the Pioneer Valley\",\"topic\":\"LAB2\",\"cost\":24,\"stock\":45}]"  ---  (Catalog\index.js:33) 
[INFO] 31-12-2023 07:06:02:527 ===> "Searching for books with subject: LAB2"  ---  (Catalog\index.js:28) 
[INFO] 31-12-2023 07:06:02:531 ===> "The result is: [{\"number\":5,\"title\":\"How to finish Project 3 on time\",\"topic\":\"LAB2\",\"cost\":29,\"stock\":100},{\"number\":6,\"title\":\"Why theory classes are so hard\",\"topic\":\"LAB2\",\"cost\":34,\"stock\":150},{\"number\":7,\"title\":\"Spring in the Pioneer Valley\",\"topic\":\"LAB2\",\"cost\":24,\"stock\":45}]"  ---  (Catalog\index.js:33) 
[INFO] 31-12-2023 07:48:37:934 ===> "Searching for the book with item number: 7"  ---  (Catalog\index.js:43) 
[INFO] 31-12-2023 07:48:37:941 ===> "The result is: [{\"number\":7,\"title\":\"Spring in the Pioneer Valley\",\"topic\":\"LAB2\",\"cost\":24,\"stock\":45}]"  ---  (Catalog\index.js:48) 
[INFO] 31-12-2023 07:48:38:003 ===> "Updating item 7 stock by undefined amount to 1"  ---  (Catalog\index.js:60) 
[INFO] 31-12-2023 07:48:38:005 ===> "The new value is: 44"  ---  (Catalog\index.js:66) 
[INFO] 31-12-2023 07:48:38:015 ===> "Updated successfully"  ---  (Catalog\index.js:68) 
[INFO] 31-12-2023 07:48:38:023 ===> "Updating item 7 stock by undefined amount to 1"  ---  (Catalog\index.js:60) 
[INFO] 31-12-2023 07:48:38:026 ===> "The new value is: 43"  ---  (Catalog\index.js:66) 
[INFO] 31-12-2023 07:48:38:035 ===> "Updated successfully"  ---  (Catalog\index.js:68) 
[INFO] 31-12-2023 07:49:38:591 ===> "Searching for the book with item number: 7"  ---  (Catalog\index.js:43) 
[INFO] 31-12-2023 07:49:38:593 ===> "The result is: [{\"number\":7,\"title\":\"Spring in the Pioneer Valley\",\"topic\":\"LAB2\",\"cost\":24,\"stock\":43}]"  ---  (Catalog\index.js:48) 
[INFO] 31-12-2023 07:49:38:602 ===> "Updating item 7 stock by undefined amount to 1"  ---  (Catalog\index.js:60) 
[INFO] 31-12-2023 07:49:38:605 ===> "The new value is: 42"  ---  (Catalog\index.js:66) 
[INFO] 31-12-2023 07:49:38:612 ===> "Updated successfully"  ---  (Catalog\index.js:68) 
[INFO] 31-12-2023 07:49:38:615 ===> "Updating item 7 stock by undefined amount to 1"  ---  (Catalog\index.js:60) 
[INFO] 31-12-2023 07:49:38:618 ===> "The new value is: 41"  ---  (Catalog\index.js:66) 
[INFO] 31-12-2023 07:49:38:624 ===> "Updated successfully"  ---  (Catalog\index.js:68) 
[INFO] 31-12-2023 07:49:39:932 ===> "Searching for the book with item number: 7"  ---  (Catalog\index.js:43) 
[INFO] 31-12-2023 07:49:39:935 ===> "The result is: [{\"number\":7,\"title\":\"Spring in the Pioneer Valley\",\"topic\":\"LAB2\",\"cost\":24,\"stock\":41}]"  ---  (Catalog\index.js:48) 
[INFO] 31-12-2023 07:49:39:942 ===> "Updating item 7 stock by undefined amount to 1"  ---  (Catalog\index.js:60) 
[INFO] 31-12-2023 07:49:39:944 ===> "The new value is: 40"  ---  (Catalog\index.js:66) 
[INFO] 31-12-2023 07:49:39:950 ===> "Updated successfully"  ---  (Catalog\index.js:68) 
[INFO] 31-12-2023 07:49:39:955 ===> "Updating item 7 stock by undefined amount to 1"  ---  (Catalog\index.js:60) 
[INFO] 31-12-2023 07:49:39:956 ===> "The new value is: 39"  ---  (Catalog\index.js:66) 
[INFO] 31-12-2023 07:49:39:962 ===> "Updated successfully"  ---  (Catalog\index.js:68) 
[INFO] 31-12-2023 07:49:40:723 ===> "Searching for the book with item number: 7"  ---  (Catalog\index.js:43) 
[INFO] 31-12-2023 07:49:40:724 ===> "The result is: [{\"number\":7,\"title\":\"Spring in the Pioneer Valley\",\"topic\":\"LAB2\",\"cost\":24,\"stock\":39}]"  ---  (Catalog\index.js:48) 
[INFO] 31-12-2023 07:49:40:729 ===> "Updating item 7 stock by undefined amount to 1"  ---  (Catalog\index.js:60) 
[INFO] 31-12-2023 07:49:40:730 ===> "The new value is: 38"  ---  (Catalog\index.js:66) 
[INFO] 31-12-2023 07:49:40:739 ===> "Updated successfully"  ---  (Catalog\index.js:68) 
[INFO] 31-12-2023 07:49:40:743 ===> "Updating item 7 stock by undefined amount to 1"  ---  (Catalog\index.js:60) 
[INFO] 31-12-2023 07:49:40:744 ===> "The new value is: 37"  ---  (Catalog\index.js:66) 
[INFO] 31-12-2023 07:49:40:749 ===> "Updated successfully"  ---  (Catalog\index.js:68) 
[INFO] 31-12-2023 07:49:41:490 ===> "Searching for the book with item number: 7"  ---  (Catalog\index.js:43) 
[INFO] 31-12-2023 07:49:41:491 ===> "The result is: [{\"number\":7,\"title\":\"Spring in the Pioneer Valley\",\"topic\":\"LAB2\",\"cost\":24,\"stock\":37}]"  ---  (Catalog\index.js:48) 
[INFO] 31-12-2023 07:49:41:497 ===> "Updating item 7 stock by undefined amount to 1"  ---  (Catalog\index.js:60) 
[INFO] 31-12-2023 07:49:41:500 ===> "The new value is: 36"  ---  (Catalog\index.js:66) 
[INFO] 31-12-2023 07:49:41:506 ===> "Updated successfully"  ---  (Catalog\index.js:68) 
[INFO] 31-12-2023 07:49:41:509 ===> "Updating item 7 stock by undefined amount to 1"  ---  (Catalog\index.js:60) 
[INFO] 31-12-2023 07:49:41:511 ===> "The new value is: 35"  ---  (Catalog\index.js:66) 
[INFO] 31-12-2023 07:49:41:516 ===> "Updated successfully"  ---  (Catalog\index.js:68) 
[INFO] 31-12-2023 07:49:42:185 ===> "Searching for the book with item number: 7"  ---  (Catalog\index.js:43) 
[INFO] 31-12-2023 07:49:42:186 ===> "The result is: [{\"number\":7,\"title\":\"Spring in the Pioneer Valley\",\"topic\":\"LAB2\",\"cost\":24,\"stock\":35}]"  ---  (Catalog\index.js:48) 
[INFO] 31-12-2023 07:49:42:192 ===> "Updating item 7 stock by undefined amount to 1"  ---  (Catalog\index.js:60) 
[INFO] 31-12-2023 07:49:42:193 ===> "The new value is: 34"  ---  (Catalog\index.js:66) 
[INFO] 31-12-2023 07:49:42:199 ===> "Updated successfully"  ---  (Catalog\index.js:68) 
[INFO] 31-12-2023 07:49:42:203 ===> "Updating item 7 stock by undefined amount to 1"  ---  (Catalog\index.js:60) 
[INFO] 31-12-2023 07:49:42:204 ===> "The new value is: 33"  ---  (Catalog\index.js:66) 
[INFO] 31-12-2023 07:49:42:210 ===> "Updated successfully"  ---  (Catalog\index.js:68) 
[INFO] 31-12-2023 07:49:48:839 ===> "Searching for the book with item number: 4"  ---  (Catalog\index.js:43) 
[INFO] 31-12-2023 07:49:48:840 ===> "The result is: [{\"number\":4,\"title\":\"Cooking for the Impatient Undergrad\",\"topic\":\"undergraduate school\",\"cost\":15,\"stock\":105}]"  ---  (Catalog\index.js:48) 
[INFO] 31-12-2023 07:49:48:846 ===> "Updating item 4 stock by undefined amount to 1"  ---  (Catalog\index.js:60) 
[INFO] 31-12-2023 07:49:48:847 ===> "The new value is: 104"  ---  (Catalog\index.js:66) 
[INFO] 31-12-2023 07:49:48:854 ===> "Updated successfully"  ---  (Catalog\index.js:68) 
[INFO] 31-12-2023 07:49:48:858 ===> "Updating item 4 stock by undefined amount to 1"  ---  (Catalog\index.js:60) 
[INFO] 31-12-2023 07:49:48:859 ===> "The new value is: 103"  ---  (Catalog\index.js:66) 
[INFO] 31-12-2023 07:49:48:866 ===> "Updated successfully"  ---  (Catalog\index.js:68) 
[INFO] 31-12-2023 07:49:50:254 ===> "Searching for the book with item number: 4"  ---  (Catalog\index.js:43) 
[INFO] 31-12-2023 07:49:50:256 ===> "The result is: [{\"number\":4,\"title\":\"Cooking for the Impatient Undergrad\",\"topic\":\"undergraduate school\",\"cost\":15,\"stock\":103}]"  ---  (Catalog\index.js:48) 
[INFO] 31-12-2023 07:49:50:263 ===> "Updating item 4 stock by undefined amount to 1"  ---  (Catalog\index.js:60) 
[INFO] 31-12-2023 07:49:50:265 ===> "The new value is: 102"  ---  (Catalog\index.js:66) 
[INFO] 31-12-2023 07:49:50:273 ===> "Updated successfully"  ---  (Catalog\index.js:68) 
[INFO] 31-12-2023 07:49:50:280 ===> "Updating item 4 stock by undefined amount to 1"  ---  (Catalog\index.js:60) 
[INFO] 31-12-2023 07:49:50:282 ===> "The new value is: 101"  ---  (Catalog\index.js:66) 
[INFO] 31-12-2023 07:49:50:287 ===> "Updated successfully"  ---  (Catalog\index.js:68) 
[INFO] 31-12-2023 07:49:51:360 ===> "Searching for the book with item number: 4"  ---  (Catalog\index.js:43) 
[INFO] 31-12-2023 07:49:51:362 ===> "The result is: [{\"number\":4,\"title\":\"Cooking for the Impatient Undergrad\",\"topic\":\"undergraduate school\",\"cost\":15,\"stock\":101}]"  ---  (Catalog\index.js:48) 
[INFO] 31-12-2023 07:49:51:368 ===> "Updating item 4 stock by undefined amount to 1"  ---  (Catalog\index.js:60) 
[INFO] 31-12-2023 07:49:51:369 ===> "The new value is: 100"  ---  (Catalog\index.js:66) 
[INFO] 31-12-2023 07:49:51:374 ===> "Updated successfully"  ---  (Catalog\index.js:68) 
[INFO] 31-12-2023 07:49:51:379 ===> "Updating item 4 stock by undefined amount to 1"  ---  (Catalog\index.js:60) 
[INFO] 31-12-2023 07:49:51:380 ===> "The new value is: 99"  ---  (Catalog\index.js:66) 
[INFO] 31-12-2023 07:49:51:385 ===> "Updated successfully"  ---  (Catalog\index.js:68) 
[INFO] 31-12-2023 07:49:52:434 ===> "Searching for the book with item number: 4"  ---  (Catalog\index.js:43) 
[INFO] 31-12-2023 07:49:52:435 ===> "The result is: [{\"number\":4,\"title\":\"Cooking for the Impatient Undergrad\",\"topic\":\"undergraduate school\",\"cost\":15,\"stock\":99}]"  ---  (Catalog\index.js:48) 
[INFO] 31-12-2023 07:49:52:440 ===> "Updating item 4 stock by undefined amount to 1"  ---  (Catalog\index.js:60) 
[INFO] 31-12-2023 07:49:52:442 ===> "The new value is: 98"  ---  (Catalog\index.js:66) 
[INFO] 31-12-2023 07:49:52:450 ===> "Updated successfully"  ---  (Catalog\index.js:68) 
[INFO] 31-12-2023 07:49:52:453 ===> "Updating item 4 stock by undefined amount to 1"  ---  (Catalog\index.js:60) 
[INFO] 31-12-2023 07:49:52:454 ===> "The new value is: 97"  ---  (Catalog\index.js:66) 
[INFO] 31-12-2023 07:49:52:461 ===> "Updated successfully"  ---  (Catalog\index.js:68) 
[INFO] 31-12-2023 07:55:06:023 ===> "Searching for the book with item number: 4"  ---  (Catalog\index.js:43) 
[INFO] 31-12-2023 07:55:06:025 ===> "The result is: [{\"number\":4,\"title\":\"Cooking for the Impatient Undergrad\",\"topic\":\"undergraduate school\",\"cost\":15,\"stock\":97}]"  ---  (Catalog\index.js:48) 
[INFO] 31-12-2023 07:55:06:030 ===> "Updating item 4 stock by undefined amount to 1"  ---  (Catalog\index.js:60) 
[INFO] 31-12-2023 07:55:06:031 ===> "The new value is: 96"  ---  (Catalog\index.js:66) 
[INFO] 31-12-2023 07:55:06:036 ===> "Updated successfully"  ---  (Catalog\index.js:68) 
[INFO] 31-12-2023 07:55:06:039 ===> "Updating item 4 stock by undefined amount to 1"  ---  (Catalog\index.js:60) 
[INFO] 31-12-2023 07:55:06:042 ===> "The new value is: 95"  ---  (Catalog\index.js:66) 
[INFO] 31-12-2023 07:55:06:049 ===> "Updated successfully"  ---  (Catalog\index.js:68) 
[INFO] 31-12-2023 07:59:47:209 ===> "Searching for the book with item number: 4"  ---  (Catalog\index.js:43) 
[INFO] 31-12-2023 07:59:47:213 ===> "The result is: [{\"number\":4,\"title\":\"Cooking for the Impatient Undergrad\",\"topic\":\"undergraduate school\",\"cost\":15,\"stock\":95}]"  ---  (Catalog\index.js:48) 
[INFO] 31-12-2023 07:59:59:462 ===> "Searching for the book with item number: 4"  ---  (Catalog\index.js:43) 
[INFO] 31-12-2023 07:59:59:465 ===> "The result is: [{\"number\":4,\"title\":\"Cooking for the Impatient Undergrad\",\"topic\":\"undergraduate school\",\"cost\":15,\"stock\":95}]"  ---  (Catalog\index.js:48) 
[INFO] 31-12-2023 07:59:59:470 ===> "Updating item 4 stock by undefined amount to 1"  ---  (Catalog\index.js:60) 
[INFO] 31-12-2023 07:59:59:471 ===> "The new value is: 94"  ---  (Catalog\index.js:66) 
[INFO] 31-12-2023 07:59:59:489 ===> "Updated successfully"  ---  (Catalog\index.js:68) 
[INFO] 31-12-2023 07:59:59:493 ===> "Updating item 4 stock by undefined amount to 1"  ---  (Catalog\index.js:60) 
[INFO] 31-12-2023 07:59:59:494 ===> "The new value is: 93"  ---  (Catalog\index.js:66) 
[INFO] 31-12-2023 07:59:59:500 ===> "Updated successfully"  ---  (Catalog\index.js:68) 
[INFO] 31-12-2023 08:00:04:941 ===> "Searching for the book with item number: 4"  ---  (Catalog\index.js:43) 
[INFO] 31-12-2023 08:00:04:942 ===> "The result is: [{\"number\":4,\"title\":\"Cooking for the Impatient Undergrad\",\"topic\":\"undergraduate school\",\"cost\":15,\"stock\":93}]"  ---  (Catalog\index.js:48) 
[INFO] 31-12-2023 08:01:37:916 ===> "Searching for books with subject: LAB2"  ---  (Catalog\index.js:28) 
[INFO] 31-12-2023 08:01:37:917 ===> "The result is: [{\"number\":5,\"title\":\"How to finish Project 3 on time\",\"topic\":\"LAB2\",\"cost\":29,\"stock\":100},{\"number\":6,\"title\":\"Why theory classes are so hard\",\"topic\":\"LAB2\",\"cost\":34,\"stock\":150},{\"number\":7,\"title\":\"Spring in the Pioneer Valley\",\"topic\":\"LAB2\",\"cost\":24,\"stock\":33}]"  ---  (Catalog\index.js:33) 
[INFO] 31-12-2023 08:01:49:700 ===> "Searching for the book with item number: 5"  ---  (Catalog\index.js:43) 
[INFO] 31-12-2023 08:01:49:701 ===> "The result is: [{\"number\":5,\"title\":\"How to finish Project 3 on time\",\"topic\":\"LAB2\",\"cost\":29,\"stock\":100}]"  ---  (Catalog\index.js:48) 
[INFO] 31-12-2023 08:01:49:706 ===> "Updating item 5 stock by undefined amount to 1"  ---  (Catalog\index.js:60) 
[INFO] 31-12-2023 08:01:49:707 ===> "The new value is: 99"  ---  (Catalog\index.js:66) 
[INFO] 31-12-2023 08:01:49:714 ===> "Updated successfully"  ---  (Catalog\index.js:68) 
[INFO] 31-12-2023 08:01:49:717 ===> "Updating item 5 stock by undefined amount to 1"  ---  (Catalog\index.js:60) 
[INFO] 31-12-2023 08:01:49:718 ===> "The new value is: 98"  ---  (Catalog\index.js:66) 
[INFO] 31-12-2023 08:01:49:723 ===> "Updated successfully"  ---  (Catalog\index.js:68) 
[INFO] 31-12-2023 08:01:54:253 ===> "Searching for books with subject: LAB2"  ---  (Catalog\index.js:28) 
[INFO] 31-12-2023 08:01:54:254 ===> "The result is: [{\"number\":5,\"title\":\"How to finish Project 3 on time\",\"topic\":\"LAB2\",\"cost\":29,\"stock\":98},{\"number\":6,\"title\":\"Why theory classes are so hard\",\"topic\":\"LAB2\",\"cost\":34,\"stock\":150},{\"number\":7,\"title\":\"Spring in the Pioneer Valley\",\"topic\":\"LAB2\",\"cost\":24,\"stock\":33}]"  ---  (Catalog\index.js:33) 
[INFO] 31-12-2023 08:10:44:726 ===> "Searching for the book with item number: 5"  ---  (Catalog\index.js:43) 
[INFO] 31-12-2023 08:10:44:729 ===> "The result is: [{\"number\":5,\"title\":\"How to finish Project 3 on time\",\"topic\":\"LAB2\",\"cost\":29,\"stock\":98}]"  ---  (Catalog\index.js:48) 
[INFO] 31-12-2023 08:10:44:737 ===> "Updating item 5 stock by undefined amount to 1"  ---  (Catalog\index.js:60) 
[INFO] 31-12-2023 08:10:44:739 ===> "The new value is: 97"  ---  (Catalog\index.js:66) 
[INFO] 31-12-2023 08:10:44:746 ===> "Updated successfully"  ---  (Catalog\index.js:68) 
[INFO] 31-12-2023 08:10:44:751 ===> "Updating item 5 stock by undefined amount to 1"  ---  (Catalog\index.js:60) 
[INFO] 31-12-2023 08:10:44:752 ===> "The new value is: 96"  ---  (Catalog\index.js:66) 
[INFO] 31-12-2023 08:10:44:758 ===> "Updated successfully"  ---  (Catalog\index.js:68) 
[INFO] 31-12-2023 08:10:46:063 ===> "Searching for the book with item number: 5"  ---  (Catalog\index.js:43) 
[INFO] 31-12-2023 08:10:46:065 ===> "The result is: [{\"number\":5,\"title\":\"How to finish Project 3 on time\",\"topic\":\"LAB2\",\"cost\":29,\"stock\":96}]"  ---  (Catalog\index.js:48) 
[INFO] 31-12-2023 08:10:46:070 ===> "Updating item 5 stock by undefined amount to 1"  ---  (Catalog\index.js:60) 
[INFO] 31-12-2023 08:10:46:071 ===> "The new value is: 95"  ---  (Catalog\index.js:66) 
[INFO] 31-12-2023 08:10:46:084 ===> "Updated successfully"  ---  (Catalog\index.js:68) 
[INFO] 31-12-2023 08:10:46:087 ===> "Updating item 5 stock by undefined amount to 1"  ---  (Catalog\index.js:60) 
[INFO] 31-12-2023 08:10:46:088 ===> "The new value is: 94"  ---  (Catalog\index.js:66) 
[INFO] 31-12-2023 08:10:46:094 ===> "Updated successfully"  ---  (Catalog\index.js:68) 
[INFO] 31-12-2023 08:10:51:408 ===> "Searching for the book with item number: 3"  ---  (Catalog\index.js:43) 
[INFO] 31-12-2023 08:10:51:410 ===> "The result is: [{\"number\":3,\"title\":\"Xen and the Art of Surviving Undergraduate School\",\"topic\":\"undergraduate school\",\"cost\":123,\"stock\":58}]"  ---  (Catalog\index.js:48) 
[INFO] 31-12-2023 08:10:51:417 ===> "Updating item 3 stock by undefined amount to 1"  ---  (Catalog\index.js:60) 
[INFO] 31-12-2023 08:10:51:419 ===> "The new value is: 57"  ---  (Catalog\index.js:66) 
[INFO] 31-12-2023 08:10:51:424 ===> "Updated successfully"  ---  (Catalog\index.js:68) 
[INFO] 31-12-2023 08:10:51:427 ===> "Updating item 3 stock by undefined amount to 1"  ---  (Catalog\index.js:60) 
[INFO] 31-12-2023 08:10:51:429 ===> "The new value is: 56"  ---  (Catalog\index.js:66) 
[INFO] 31-12-2023 08:10:51:436 ===> "Updated successfully"  ---  (Catalog\index.js:68) 
[INFO] 31-12-2023 08:10:56:889 ===> "Searching for the book with item number: 2"  ---  (Catalog\index.js:43) 
[INFO] 31-12-2023 08:10:56:890 ===> "The result is: [{\"number\":2,\"title\":\"RPCs for Noobs\",\"topic\":\"distributed systems\",\"cost\":25,\"stock\":200}]"  ---  (Catalog\index.js:48) 
[INFO] 31-12-2023 08:10:56:896 ===> "Updating item 2 stock by undefined amount to 1"  ---  (Catalog\index.js:60) 
[INFO] 31-12-2023 08:10:56:898 ===> "The new value is: 199"  ---  (Catalog\index.js:66) 
[INFO] 31-12-2023 08:10:56:912 ===> "Updated successfully"  ---  (Catalog\index.js:68) 
[INFO] 31-12-2023 08:10:56:915 ===> "Updating item 2 stock by undefined amount to 1"  ---  (Catalog\index.js:60) 
[INFO] 31-12-2023 08:10:56:916 ===> "The new value is: 198"  ---  (Catalog\index.js:66) 
[INFO] 31-12-2023 08:10:56:920 ===> "Updated successfully"  ---  (Catalog\index.js:68) 
[INFO] 31-12-2023 08:10:59:599 ===> "Searching for the book with item number: 2"  ---  (Catalog\index.js:43) 
[INFO] 31-12-2023 08:10:59:600 ===> "The result is: [{\"number\":2,\"title\":\"RPCs for Noobs\",\"topic\":\"distributed systems\",\"cost\":25,\"stock\":198}]"  ---  (Catalog\index.js:48) 
[INFO] 31-12-2023 08:10:59:605 ===> "Updating item 2 stock by undefined amount to 1"  ---  (Catalog\index.js:60) 
[INFO] 31-12-2023 08:10:59:609 ===> "The new value is: 197"  ---  (Catalog\index.js:66) 
[INFO] 31-12-2023 08:10:59:615 ===> "Updated successfully"  ---  (Catalog\index.js:68) 
[INFO] 31-12-2023 08:10:59:618 ===> "Updating item 2 stock by undefined amount to 1"  ---  (Catalog\index.js:60) 
[INFO] 31-12-2023 08:10:59:619 ===> "The new value is: 196"  ---  (Catalog\index.js:66) 
[INFO] 31-12-2023 08:10:59:626 ===> "Updated successfully"  ---  (Catalog\index.js:68) 
[INFO] 31-12-2023 08:11:00:560 ===> "Searching for the book with item number: 2"  ---  (Catalog\index.js:43) 
[INFO] 31-12-2023 08:11:00:561 ===> "The result is: [{\"number\":2,\"title\":\"RPCs for Noobs\",\"topic\":\"distributed systems\",\"cost\":25,\"stock\":196}]"  ---  (Catalog\index.js:48) 
[INFO] 31-12-2023 08:11:00:566 ===> "Updating item 2 stock by undefined amount to 1"  ---  (Catalog\index.js:60) 
[INFO] 31-12-2023 08:11:00:567 ===> "The new value is: 195"  ---  (Catalog\index.js:66) 
[INFO] 31-12-2023 08:11:00:575 ===> "Updated successfully"  ---  (Catalog\index.js:68) 
[INFO] 31-12-2023 08:11:00:579 ===> "Updating item 2 stock by undefined amount to 1"  ---  (Catalog\index.js:60) 
[INFO] 31-12-2023 08:11:00:580 ===> "The new value is: 194"  ---  (Catalog\index.js:66) 
[INFO] 31-12-2023 08:11:00:585 ===> "Updated successfully"  ---  (Catalog\index.js:68) 
[INFO] 31-12-2023 08:11:01:748 ===> "Searching for the book with item number: 2"  ---  (Catalog\index.js:43) 
[INFO] 31-12-2023 08:11:01:749 ===> "The result is: [{\"number\":2,\"title\":\"RPCs for Noobs\",\"topic\":\"distributed systems\",\"cost\":25,\"stock\":194}]"  ---  (Catalog\index.js:48) 
[INFO] 31-12-2023 08:11:01:756 ===> "Updating item 2 stock by undefined amount to 1"  ---  (Catalog\index.js:60) 
[INFO] 31-12-2023 08:11:01:758 ===> "The new value is: 193"  ---  (Catalog\index.js:66) 
[INFO] 31-12-2023 08:11:01:766 ===> "Updated successfully"  ---  (Catalog\index.js:68) 
[INFO] 31-12-2023 08:11:01:769 ===> "Updating item 2 stock by undefined amount to 1"  ---  (Catalog\index.js:60) 
[INFO] 31-12-2023 08:11:01:770 ===> "The new value is: 192"  ---  (Catalog\index.js:66) 
[INFO] 31-12-2023 08:11:01:777 ===> "Updated successfully"  ---  (Catalog\index.js:68) 
[INFO] 31-12-2023 08:11:03:034 ===> "Searching for the book with item number: 2"  ---  (Catalog\index.js:43) 
[INFO] 31-12-2023 08:11:03:035 ===> "The result is: [{\"number\":2,\"title\":\"RPCs for Noobs\",\"topic\":\"distributed systems\",\"cost\":25,\"stock\":192}]"  ---  (Catalog\index.js:48) 
[INFO] 31-12-2023 08:11:03:042 ===> "Updating item 2 stock by undefined amount to 1"  ---  (Catalog\index.js:60) 
[INFO] 31-12-2023 08:11:03:043 ===> "The new value is: 191"  ---  (Catalog\index.js:66) 
[INFO] 31-12-2023 08:11:03:049 ===> "Updated successfully"  ---  (Catalog\index.js:68) 
[INFO] 31-12-2023 08:11:03:052 ===> "Updating item 2 stock by undefined amount to 1"  ---  (Catalog\index.js:60) 
[INFO] 31-12-2023 08:11:03:054 ===> "The new value is: 190"  ---  (Catalog\index.js:66) 
[INFO] 31-12-2023 08:11:03:060 ===> "Updated successfully"  ---  (Catalog\index.js:68) 
[INFO] 31-12-2023 08:11:04:133 ===> "Searching for the book with item number: 2"  ---  (Catalog\index.js:43) 
[INFO] 31-12-2023 08:11:04:134 ===> "The result is: [{\"number\":2,\"title\":\"RPCs for Noobs\",\"topic\":\"distributed systems\",\"cost\":25,\"stock\":190}]"  ---  (Catalog\index.js:48) 
[INFO] 31-12-2023 08:11:04:139 ===> "Updating item 2 stock by undefined amount to 1"  ---  (Catalog\index.js:60) 
[INFO] 31-12-2023 08:11:04:142 ===> "The new value is: 189"  ---  (Catalog\index.js:66) 
[INFO] 31-12-2023 08:11:04:147 ===> "Updated successfully"  ---  (Catalog\index.js:68) 
[INFO] 31-12-2023 08:11:04:151 ===> "Updating item 2 stock by undefined amount to 1"  ---  (Catalog\index.js:60) 
[INFO] 31-12-2023 08:11:04:152 ===> "The new value is: 188"  ---  (Catalog\index.js:66) 
[INFO] 31-12-2023 08:11:04:157 ===> "Updated successfully"  ---  (Catalog\index.js:68) 
[INFO] 31-12-2023 08:11:05:334 ===> "Searching for the book with item number: 2"  ---  (Catalog\index.js:43) 
[INFO] 31-12-2023 08:11:05:334 ===> "The result is: [{\"number\":2,\"title\":\"RPCs for Noobs\",\"topic\":\"distributed systems\",\"cost\":25,\"stock\":188}]"  ---  (Catalog\index.js:48) 
[INFO] 31-12-2023 08:11:05:339 ===> "Updating item 2 stock by undefined amount to 1"  ---  (Catalog\index.js:60) 
[INFO] 31-12-2023 08:11:05:341 ===> "The new value is: 187"  ---  (Catalog\index.js:66) 
[INFO] 31-12-2023 08:11:05:346 ===> "Updated successfully"  ---  (Catalog\index.js:68) 
[INFO] 31-12-2023 08:11:05:349 ===> "Updating item 2 stock by undefined amount to 1"  ---  (Catalog\index.js:60) 
[INFO] 31-12-2023 08:11:05:350 ===> "The new value is: 186"  ---  (Catalog\index.js:66) 
[INFO] 31-12-2023 08:11:05:358 ===> "Updated successfully"  ---  (Catalog\index.js:68) 
[INFO] 31-12-2023 08:11:08:195 ===> "Searching for the book with item number: 2"  ---  (Catalog\index.js:43) 
[INFO] 31-12-2023 08:11:08:196 ===> "The result is: [{\"number\":2,\"title\":\"RPCs for Noobs\",\"topic\":\"distributed systems\",\"cost\":25,\"stock\":186}]"  ---  (Catalog\index.js:48) 
[INFO] 31-12-2023 08:11:08:201 ===> "Updating item 2 stock by undefined amount to 1"  ---  (Catalog\index.js:60) 
[INFO] 31-12-2023 08:11:08:203 ===> "The new value is: 185"  ---  (Catalog\index.js:66) 
[INFO] 31-12-2023 08:11:08:209 ===> "Updated successfully"  ---  (Catalog\index.js:68) 
[INFO] 31-12-2023 08:11:08:212 ===> "Updating item 2 stock by undefined amount to 1"  ---  (Catalog\index.js:60) 
[INFO] 31-12-2023 08:11:08:213 ===> "The new value is: 184"  ---  (Catalog\index.js:66) 
[INFO] 31-12-2023 08:11:08:218 ===> "Updated successfully"  ---  (Catalog\index.js:68) 
[INFO] 31-12-2023 08:11:08:616 ===> "Searching for the book with item number: 2"  ---  (Catalog\index.js:43) 
[INFO] 31-12-2023 08:11:08:617 ===> "The result is: [{\"number\":2,\"title\":\"RPCs for Noobs\",\"topic\":\"distributed systems\",\"cost\":25,\"stock\":184}]"  ---  (Catalog\index.js:48) 
[INFO] 31-12-2023 08:11:08:624 ===> "Updating item 2 stock by undefined amount to 1"  ---  (Catalog\index.js:60) 
[INFO] 31-12-2023 08:11:08:625 ===> "The new value is: 183"  ---  (Catalog\index.js:66) 
[INFO] 31-12-2023 08:11:08:630 ===> "Updated successfully"  ---  (Catalog\index.js:68) 
[INFO] 31-12-2023 08:11:08:635 ===> "Updating item 2 stock by undefined amount to 1"  ---  (Catalog\index.js:60) 
[INFO] 31-12-2023 08:11:08:637 ===> "The new value is: 182"  ---  (Catalog\index.js:66) 
[INFO] 31-12-2023 08:11:08:643 ===> "Updated successfully"  ---  (Catalog\index.js:68) 
[INFO] 31-12-2023 08:11:09:055 ===> "Searching for the book with item number: 2"  ---  (Catalog\index.js:43) 
[INFO] 31-12-2023 08:11:09:056 ===> "The result is: [{\"number\":2,\"title\":\"RPCs for Noobs\",\"topic\":\"distributed systems\",\"cost\":25,\"stock\":182}]"  ---  (Catalog\index.js:48) 
[INFO] 31-12-2023 08:11:09:061 ===> "Updating item 2 stock by undefined amount to 1"  ---  (Catalog\index.js:60) 
[INFO] 31-12-2023 08:11:09:062 ===> "The new value is: 181"  ---  (Catalog\index.js:66) 
[INFO] 31-12-2023 08:11:09:067 ===> "Updated successfully"  ---  (Catalog\index.js:68) 
[INFO] 31-12-2023 08:11:09:072 ===> "Updating item 2 stock by undefined amount to 1"  ---  (Catalog\index.js:60) 
[INFO] 31-12-2023 08:11:09:073 ===> "The new value is: 180"  ---  (Catalog\index.js:66) 
[INFO] 31-12-2023 08:11:09:078 ===> "Updated successfully"  ---  (Catalog\index.js:68) 
[INFO] 31-12-2023 08:11:09:644 ===> "Searching for the book with item number: 2"  ---  (Catalog\index.js:43) 
[INFO] 31-12-2023 08:11:09:645 ===> "The result is: [{\"number\":2,\"title\":\"RPCs for Noobs\",\"topic\":\"distributed systems\",\"cost\":25,\"stock\":180}]"  ---  (Catalog\index.js:48) 
[INFO] 31-12-2023 08:11:09:648 ===> "Updating item 2 stock by undefined amount to 1"  ---  (Catalog\index.js:60) 
[INFO] 31-12-2023 08:11:09:649 ===> "The new value is: 179"  ---  (Catalog\index.js:66) 
[INFO] 31-12-2023 08:11:09:656 ===> "Updated successfully"  ---  (Catalog\index.js:68) 
[INFO] 31-12-2023 08:11:09:659 ===> "Updating item 2 stock by undefined amount to 1"  ---  (Catalog\index.js:60) 
[INFO] 31-12-2023 08:11:09:660 ===> "The new value is: 178"  ---  (Catalog\index.js:66) 
[INFO] 31-12-2023 08:11:09:664 ===> "Updated successfully"  ---  (Catalog\index.js:68) 
[INFO] 31-12-2023 08:11:10:173 ===> "Searching for the book with item number: 2"  ---  (Catalog\index.js:43) 
[INFO] 31-12-2023 08:11:10:174 ===> "The result is: [{\"number\":2,\"title\":\"RPCs for Noobs\",\"topic\":\"distributed systems\",\"cost\":25,\"stock\":178}]"  ---  (Catalog\index.js:48) 
[INFO] 31-12-2023 08:11:10:178 ===> "Updating item 2 stock by undefined amount to 1"  ---  (Catalog\index.js:60) 
[INFO] 31-12-2023 08:11:10:179 ===> "The new value is: 177"  ---  (Catalog\index.js:66) 
[INFO] 31-12-2023 08:11:10:185 ===> "Updated successfully"  ---  (Catalog\index.js:68) 
[INFO] 31-12-2023 08:11:10:190 ===> "Updating item 2 stock by undefined amount to 1"  ---  (Catalog\index.js:60) 
[INFO] 31-12-2023 08:11:10:191 ===> "The new value is: 176"  ---  (Catalog\index.js:66) 
[INFO] 31-12-2023 08:11:10:195 ===> "Updated successfully"  ---  (Catalog\index.js:68) 
[INFO] 31-12-2023 08:11:10:950 ===> "Searching for the book with item number: 2"  ---  (Catalog\index.js:43) 
[INFO] 31-12-2023 08:11:10:952 ===> "The result is: [{\"number\":2,\"title\":\"RPCs for Noobs\",\"topic\":\"distributed systems\",\"cost\":25,\"stock\":176}]"  ---  (Catalog\index.js:48) 
[INFO] 31-12-2023 08:11:10:957 ===> "Updating item 2 stock by undefined amount to 1"  ---  (Catalog\index.js:60) 
[INFO] 31-12-2023 08:11:10:958 ===> "The new value is: 175"  ---  (Catalog\index.js:66) 
[INFO] 31-12-2023 08:11:10:963 ===> "Updated successfully"  ---  (Catalog\index.js:68) 
[INFO] 31-12-2023 08:11:10:966 ===> "Updating item 2 stock by undefined amount to 1"  ---  (Catalog\index.js:60) 
[INFO] 31-12-2023 08:11:10:968 ===> "The new value is: 174"  ---  (Catalog\index.js:66) 
[INFO] 31-12-2023 08:11:10:975 ===> "Updated successfully"  ---  (Catalog\index.js:68) 
[INFO] 31-12-2023 08:11:11:953 ===> "Searching for the book with item number: 2"  ---  (Catalog\index.js:43) 
[INFO] 31-12-2023 08:11:11:954 ===> "The result is: [{\"number\":2,\"title\":\"RPCs for Noobs\",\"topic\":\"distributed systems\",\"cost\":25,\"stock\":174}]"  ---  (Catalog\index.js:48) 
[INFO] 31-12-2023 08:11:11:959 ===> "Updating item 2 stock by undefined amount to 1"  ---  (Catalog\index.js:60) 
[INFO] 31-12-2023 08:11:11:960 ===> "The new value is: 173"  ---  (Catalog\index.js:66) 
[INFO] 31-12-2023 08:11:11:971 ===> "Updated successfully"  ---  (Catalog\index.js:68) 
[INFO] 31-12-2023 08:11:11:974 ===> "Updating item 2 stock by undefined amount to 1"  ---  (Catalog\index.js:60) 
[INFO] 31-12-2023 08:11:11:975 ===> "The new value is: 172"  ---  (Catalog\index.js:66) 
[INFO] 31-12-2023 08:11:11:980 ===> "Updated successfully"  ---  (Catalog\index.js:68) 
